[0.011s] Invoking command in '/home/sigmu/master/src/vrx/vrx_urdf/build/vrx_ros': CMAKE_PREFIX_PATH=${CMAKE_PREFIX_PATH}:/home/sigmu/FRE24/install/yo-lo:/home/sigmu/FRE24/install/webots_ros2:/home/sigmu/FRE24/install/webots_ros2_universal_robot:/home/sigmu/FRE24/install/webots_ros2_turtlebot:/home/sigmu/FRE24/install/webots_ros2_tiago:/home/sigmu/FRE24/install/webots_ros2_tests:/home/sigmu/FRE24/install/webots_ros2_tesla:/home/sigmu/FRE24/install/webots_ros2_mavic:/home/sigmu/FRE24/install/webots_ros2_epuck:/home/sigmu/FRE24/install/webots_ros2_importer:/home/sigmu/FRE24/install/task4:/home/sigmu/FRE24/install/task3:/home/sigmu/FRE24/install/row_follower:/home/sigmu/FRE24/install/pose_subscriber:/home/sigmu/FRE24/install/fre_test:/home/sigmu/FRE24/install/fre_slam_task2:/home/sigmu/FRE24/install/fre_navigation:/home/sigmu/FRE24/install/fre_camera:/home/sigmu/FRE24/install/fre_api:/opt/ros/humble /usr/bin/cmake /home/sigmu/master/src/vrx/vrx_ros -DCMAKE_INSTALL_PREFIX=/home/sigmu/master/src/vrx/vrx_urdf/install/vrx_ros
[0.101s] -- The C compiler identification is GNU 11.4.0
[0.169s] -- The CXX compiler identification is GNU 11.4.0
[0.177s] -- Detecting C compiler ABI info
[0.239s] -- Detecting C compiler ABI info - done
[0.244s] -- Check for working C compiler: /usr/bin/cc - skipped
[0.244s] -- Detecting C compile features
[0.245s] -- Detecting C compile features - done
[0.247s] -- Detecting CXX compiler ABI info
[0.317s] -- Detecting CXX compiler ABI info - done
[0.322s] -- Check for working CXX compiler: /usr/bin/c++ - skipped
[0.322s] -- Detecting CXX compile features
[0.322s] -- Detecting CXX compile features - done
[0.329s] -- Found ament_cmake: 1.3.11 (/opt/ros/humble/share/ament_cmake/cmake)
[0.486s] -- Found Python3: /usr/bin/python3 (found version "3.10.12") found components: Interpreter 
[0.627s] -- Found geometry_msgs: 4.2.4 (/opt/ros/humble/share/geometry_msgs/cmake)
[0.698s] -- Found rosidl_generator_c: 3.1.6 (/opt/ros/humble/share/rosidl_generator_c/cmake)
[0.709s] -- Found rosidl_adapter: 3.1.6 (/opt/ros/humble/share/rosidl_adapter/cmake)
[0.724s] -- Found rosidl_generator_cpp: 3.1.6 (/opt/ros/humble/share/rosidl_generator_cpp/cmake)
[0.744s] -- Using all available rosidl_typesupport_c: rosidl_typesupport_fastrtps_c;rosidl_typesupport_introspection_c
[0.770s] -- Using all available rosidl_typesupport_cpp: rosidl_typesupport_fastrtps_cpp;rosidl_typesupport_introspection_cpp
[0.819s] -- Looking for gz-msgs9 -- found version 9.5.1
[0.832s] -- Searching for dependencies of gz-msgs9
[1.003s] -- Found Protobuf: /usr/lib/x86_64-linux-gnu/libprotobuf.so (found version "3.12.4") 
[1.009s] -- Looking for gz-math7 -- found version 7.5.1
[1.009s] -- Searching for dependencies of gz-math7
[1.014s] -- Looking for gz-utils2 -- found version 2.2.0
[1.015s] -- Searching for dependencies of gz-utils2
[1.022s] -- Checking for module 'tinyxml2'
[1.037s] --   Found tinyxml2, version 9.0.0
[1.076s] -- Looking for gz-transport12 -- found version 12.2.2
[1.077s] -- Searching for dependencies of gz-transport12
[1.114s] -- Config-file not installed for ZeroMQ -- checking for pkg-config
[1.118s] -- Checking for module 'libzmq >= 4'
[1.135s] --   Found libzmq , version 4.3.4
[1.171s] -- Found ZeroMQ: TRUE (Required is at least version "4") 
[1.177s] -- Checking for module 'uuid'
[1.191s] --   Found uuid, version 2.37.2
[1.226s] -- Found UUID: TRUE  
[1.226s] -- Looking for gz-utils2 -- found version 2.2.0
[1.227s] -- Searching for dependencies of gz-utils2
[1.227s] -- Searching for <gz-utils2> component [cli]
[1.232s] -- Looking for gz-utils2-cli -- found version 2.2.0
[1.233s] -- Searching for dependencies of gz-utils2-cli
[1.233s] -- Looking for gz-msgs9 -- found version 9.5.1
[1.239s] -- Found rclcpp: 16.0.11 (/opt/ros/humble/share/rclcpp/cmake)
[1.310s] -- Found rmw_implementation_cmake: 6.1.2 (/opt/ros/humble/share/rmw_implementation_cmake/cmake)
[1.317s] -- Found rmw_fastrtps_cpp: 6.2.7 (/opt/ros/humble/share/rmw_fastrtps_cpp/cmake)
[1.423s] -- Found OpenSSL: /usr/lib/x86_64-linux-gnu/libcrypto.so (found version "3.0.2")  
[1.441s] -- Found FastRTPS: /opt/ros/humble/include  
[1.461s] -- Using RMW implementation 'rmw_fastrtps_cpp' as default
[1.479s] -- Found Threads: TRUE  
[1.527s] -- Found ros_gz_interfaces: 0.244.11 (/opt/ros/humble/share/ros_gz_interfaces/cmake)
[1.547s] -- Found sensor_msgs: 4.2.4 (/opt/ros/humble/share/sensor_msgs/cmake)
[1.567s] -- Found tf2: 0.25.11 (/opt/ros/humble/share/tf2/cmake)
[1.585s] -- Found tf2_msgs: 0.25.11 (/opt/ros/humble/share/tf2_msgs/cmake)
[1.633s] -- Found tf2_ros: 0.25.11 (/opt/ros/humble/share/tf2_ros/cmake)
[1.755s] -- Configuring done
[1.767s] -- Generating done
[1.771s] -- Build files have been written to: /home/sigmu/master/src/vrx/vrx_urdf/build/vrx_ros
[1.782s] Invoked command in '/home/sigmu/master/src/vrx/vrx_urdf/build/vrx_ros' returned '0': CMAKE_PREFIX_PATH=${CMAKE_PREFIX_PATH}:/home/sigmu/FRE24/install/yo-lo:/home/sigmu/FRE24/install/webots_ros2:/home/sigmu/FRE24/install/webots_ros2_universal_robot:/home/sigmu/FRE24/install/webots_ros2_turtlebot:/home/sigmu/FRE24/install/webots_ros2_tiago:/home/sigmu/FRE24/install/webots_ros2_tests:/home/sigmu/FRE24/install/webots_ros2_tesla:/home/sigmu/FRE24/install/webots_ros2_mavic:/home/sigmu/FRE24/install/webots_ros2_epuck:/home/sigmu/FRE24/install/webots_ros2_importer:/home/sigmu/FRE24/install/task4:/home/sigmu/FRE24/install/task3:/home/sigmu/FRE24/install/row_follower:/home/sigmu/FRE24/install/pose_subscriber:/home/sigmu/FRE24/install/fre_test:/home/sigmu/FRE24/install/fre_slam_task2:/home/sigmu/FRE24/install/fre_navigation:/home/sigmu/FRE24/install/fre_camera:/home/sigmu/FRE24/install/fre_api:/opt/ros/humble /usr/bin/cmake /home/sigmu/master/src/vrx/vrx_ros -DCMAKE_INSTALL_PREFIX=/home/sigmu/master/src/vrx/vrx_urdf/install/vrx_ros
[1.783s] Invoking command in '/home/sigmu/master/src/vrx/vrx_urdf/build/vrx_ros': CMAKE_PREFIX_PATH=${CMAKE_PREFIX_PATH}:/home/sigmu/FRE24/install/yo-lo:/home/sigmu/FRE24/install/webots_ros2:/home/sigmu/FRE24/install/webots_ros2_universal_robot:/home/sigmu/FRE24/install/webots_ros2_turtlebot:/home/sigmu/FRE24/install/webots_ros2_tiago:/home/sigmu/FRE24/install/webots_ros2_tests:/home/sigmu/FRE24/install/webots_ros2_tesla:/home/sigmu/FRE24/install/webots_ros2_mavic:/home/sigmu/FRE24/install/webots_ros2_epuck:/home/sigmu/FRE24/install/webots_ros2_importer:/home/sigmu/FRE24/install/task4:/home/sigmu/FRE24/install/task3:/home/sigmu/FRE24/install/row_follower:/home/sigmu/FRE24/install/pose_subscriber:/home/sigmu/FRE24/install/fre_test:/home/sigmu/FRE24/install/fre_slam_task2:/home/sigmu/FRE24/install/fre_navigation:/home/sigmu/FRE24/install/fre_camera:/home/sigmu/FRE24/install/fre_api:/opt/ros/humble /usr/bin/cmake --build /home/sigmu/master/src/vrx/vrx_urdf/build/vrx_ros -- -j16 -l16
[1.835s] [ 50%] [32mBuilding CXX object CMakeFiles/pose_tf_broadcaster.dir/src/pose_tf_broadcaster.cc.o[0m
[1.835s] [ 50%] [32mBuilding CXX object CMakeFiles/optical_frame_publisher.dir/src/optical_frame_publisher.cc.o[0m
[7.942s] [ 75%] [32m[1mLinking CXX executable pose_tf_broadcaster[0m
[8.254s] [ 75%] Built target pose_tf_broadcaster
[10.393s] [100%] [32m[1mLinking CXX executable optical_frame_publisher[0m
[10.798s] [100%] Built target optical_frame_publisher
[10.809s] Invoked command in '/home/sigmu/master/src/vrx/vrx_urdf/build/vrx_ros' returned '0': CMAKE_PREFIX_PATH=${CMAKE_PREFIX_PATH}:/home/sigmu/FRE24/install/yo-lo:/home/sigmu/FRE24/install/webots_ros2:/home/sigmu/FRE24/install/webots_ros2_universal_robot:/home/sigmu/FRE24/install/webots_ros2_turtlebot:/home/sigmu/FRE24/install/webots_ros2_tiago:/home/sigmu/FRE24/install/webots_ros2_tests:/home/sigmu/FRE24/install/webots_ros2_tesla:/home/sigmu/FRE24/install/webots_ros2_mavic:/home/sigmu/FRE24/install/webots_ros2_epuck:/home/sigmu/FRE24/install/webots_ros2_importer:/home/sigmu/FRE24/install/task4:/home/sigmu/FRE24/install/task3:/home/sigmu/FRE24/install/row_follower:/home/sigmu/FRE24/install/pose_subscriber:/home/sigmu/FRE24/install/fre_test:/home/sigmu/FRE24/install/fre_slam_task2:/home/sigmu/FRE24/install/fre_navigation:/home/sigmu/FRE24/install/fre_camera:/home/sigmu/FRE24/install/fre_api:/opt/ros/humble /usr/bin/cmake --build /home/sigmu/master/src/vrx/vrx_urdf/build/vrx_ros -- -j16 -l16
[10.810s] Invoking command in '/home/sigmu/master/src/vrx/vrx_urdf/build/vrx_ros': CMAKE_PREFIX_PATH=${CMAKE_PREFIX_PATH}:/home/sigmu/FRE24/install/yo-lo:/home/sigmu/FRE24/install/webots_ros2:/home/sigmu/FRE24/install/webots_ros2_universal_robot:/home/sigmu/FRE24/install/webots_ros2_turtlebot:/home/sigmu/FRE24/install/webots_ros2_tiago:/home/sigmu/FRE24/install/webots_ros2_tests:/home/sigmu/FRE24/install/webots_ros2_tesla:/home/sigmu/FRE24/install/webots_ros2_mavic:/home/sigmu/FRE24/install/webots_ros2_epuck:/home/sigmu/FRE24/install/webots_ros2_importer:/home/sigmu/FRE24/install/task4:/home/sigmu/FRE24/install/task3:/home/sigmu/FRE24/install/row_follower:/home/sigmu/FRE24/install/pose_subscriber:/home/sigmu/FRE24/install/fre_test:/home/sigmu/FRE24/install/fre_slam_task2:/home/sigmu/FRE24/install/fre_navigation:/home/sigmu/FRE24/install/fre_camera:/home/sigmu/FRE24/install/fre_api:/opt/ros/humble /usr/bin/cmake --install /home/sigmu/master/src/vrx/vrx_urdf/build/vrx_ros
[10.817s] -- Install configuration: ""
[10.817s] -- Installing: /home/sigmu/master/src/vrx/vrx_urdf/install/vrx_ros/lib/vrx_ros/optical_frame_publisher
[10.822s] -- Set runtime path of "/home/sigmu/master/src/vrx/vrx_urdf/install/vrx_ros/lib/vrx_ros/optical_frame_publisher" to ""
[10.822s] -- Installing: /home/sigmu/master/src/vrx/vrx_urdf/install/vrx_ros/lib/vrx_ros/pose_tf_broadcaster
[10.825s] -- Set runtime path of "/home/sigmu/master/src/vrx/vrx_urdf/install/vrx_ros/lib/vrx_ros/pose_tf_broadcaster" to ""
[10.825s] -- Installing: /home/sigmu/master/src/vrx/vrx_urdf/install/vrx_ros/share/vrx_ros/launch
[10.825s] -- Installing: /home/sigmu/master/src/vrx/vrx_urdf/install/vrx_ros/share/vrx_ros/launch/monitor_sim.py
[10.825s] -- Installing: /home/sigmu/master/src/vrx/vrx_urdf/install/vrx_ros/share/ament_index/resource_index/package_run_dependencies/vrx_ros
[10.826s] -- Installing: /home/sigmu/master/src/vrx/vrx_urdf/install/vrx_ros/share/ament_index/resource_index/parent_prefix_path/vrx_ros
[10.826s] -- Installing: /home/sigmu/master/src/vrx/vrx_urdf/install/vrx_ros/share/vrx_ros/environment/ament_prefix_path.sh
[10.826s] -- Installing: /home/sigmu/master/src/vrx/vrx_urdf/install/vrx_ros/share/vrx_ros/environment/ament_prefix_path.dsv
[10.826s] -- Installing: /home/sigmu/master/src/vrx/vrx_urdf/install/vrx_ros/share/vrx_ros/environment/path.sh
[10.826s] -- Installing: /home/sigmu/master/src/vrx/vrx_urdf/install/vrx_ros/share/vrx_ros/environment/path.dsv
[10.826s] -- Installing: /home/sigmu/master/src/vrx/vrx_urdf/install/vrx_ros/share/vrx_ros/local_setup.bash
[10.826s] -- Installing: /home/sigmu/master/src/vrx/vrx_urdf/install/vrx_ros/share/vrx_ros/local_setup.sh
[10.827s] -- Installing: /home/sigmu/master/src/vrx/vrx_urdf/install/vrx_ros/share/vrx_ros/local_setup.zsh
[10.827s] -- Installing: /home/sigmu/master/src/vrx/vrx_urdf/install/vrx_ros/share/vrx_ros/local_setup.dsv
[10.827s] -- Installing: /home/sigmu/master/src/vrx/vrx_urdf/install/vrx_ros/share/vrx_ros/package.dsv
[10.827s] -- Installing: /home/sigmu/master/src/vrx/vrx_urdf/install/vrx_ros/share/ament_index/resource_index/packages/vrx_ros
[10.827s] -- Installing: /home/sigmu/master/src/vrx/vrx_urdf/install/vrx_ros/share/vrx_ros/cmake/vrx_rosConfig.cmake
[10.827s] -- Installing: /home/sigmu/master/src/vrx/vrx_urdf/install/vrx_ros/share/vrx_ros/cmake/vrx_rosConfig-version.cmake
[10.827s] -- Installing: /home/sigmu/master/src/vrx/vrx_urdf/install/vrx_ros/share/vrx_ros/package.xml
[10.829s] Invoked command in '/home/sigmu/master/src/vrx/vrx_urdf/build/vrx_ros' returned '0': CMAKE_PREFIX_PATH=${CMAKE_PREFIX_PATH}:/home/sigmu/FRE24/install/yo-lo:/home/sigmu/FRE24/install/webots_ros2:/home/sigmu/FRE24/install/webots_ros2_universal_robot:/home/sigmu/FRE24/install/webots_ros2_turtlebot:/home/sigmu/FRE24/install/webots_ros2_tiago:/home/sigmu/FRE24/install/webots_ros2_tests:/home/sigmu/FRE24/install/webots_ros2_tesla:/home/sigmu/FRE24/install/webots_ros2_mavic:/home/sigmu/FRE24/install/webots_ros2_epuck:/home/sigmu/FRE24/install/webots_ros2_importer:/home/sigmu/FRE24/install/task4:/home/sigmu/FRE24/install/task3:/home/sigmu/FRE24/install/row_follower:/home/sigmu/FRE24/install/pose_subscriber:/home/sigmu/FRE24/install/fre_test:/home/sigmu/FRE24/install/fre_slam_task2:/home/sigmu/FRE24/install/fre_navigation:/home/sigmu/FRE24/install/fre_camera:/home/sigmu/FRE24/install/fre_api:/opt/ros/humble /usr/bin/cmake --install /home/sigmu/master/src/vrx/vrx_urdf/build/vrx_ros
