[0.013s] Invoking command in '/home/sigmu/master/src/vrx/vrx_urdf/build/wamv_description': AMENT_PREFIX_PATH=/home/sigmu/master/src/vrx/vrx_urdf/install/vrx_gazebo:${AMENT_PREFIX_PATH} CMAKE_PREFIX_PATH=/home/sigmu/master/src/vrx/vrx_urdf/install/vrx_gazebo:/home/sigmu/master/install/wamv_gazebo:/home/sigmu/master/install/wamv_description:/home/sigmu/master/install/vrx_gz:/home/sigmu/master/install/vrx_ros:/home/sigmu/master/install/vrx_gazebo:/home/sigmu/FRE24/install/webots_ros2_control:/home/sigmu/FRE24/install/webots_ros2_driver:/home/sigmu/FRE24/install/webots_ros2_msgs:/home/sigmu/FRE24/install/fre_custom_srv_msg:/home/sigmu/FRE24/install/action_pkg:/home/sigmu/realsense-ros/install/realsense2_description:/home/sigmu/realsense-ros/install/realsense2_camera:/home/sigmu/realsense-ros/install/realsense2_camera_msgs:/home/sigmu/FRE24/install/yo-lo:/home/sigmu/FRE24/install/webots_ros2:/home/sigmu/FRE24/install/webots_ros2_universal_robot:/home/sigmu/FRE24/install/webots_ros2_turtlebot:/home/sigmu/FRE24/install/webots_ros2_tiago:/home/sigmu/FRE24/install/webots_ros2_tests:/home/sigmu/FRE24/install/webots_ros2_tesla:/home/sigmu/FRE24/install/webots_ros2_mavic:/home/sigmu/FRE24/install/webots_ros2_epuck:/home/sigmu/FRE24/install/webots_ros2_importer:/home/sigmu/FRE24/install/task4:/home/sigmu/FRE24/install/task3:/home/sigmu/FRE24/install/row_follower:/home/sigmu/FRE24/install/pose_subscriber:/home/sigmu/FRE24/install/fre_test:/home/sigmu/FRE24/install/fre_slam_task2:/home/sigmu/FRE24/install/fre_navigation:/home/sigmu/FRE24/install/fre_camera:/home/sigmu/FRE24/install/fre_api:/opt/ros/humble GZ_SIM_RESOURCE_PATH=/home/sigmu/master/src/vrx/vrx_urdf/install/vrx_gazebo/share/vrx_gazebo/models:/home/sigmu/master/src/vrx/vrx_urdf/install/vrx_gazebo/share:${GZ_SIM_RESOURCE_PATH} PYTHONPATH=/home/sigmu/master/src/vrx/vrx_urdf/install/vrx_gazebo/local/lib/python3.10/dist-packages:${PYTHONPATH} /usr/bin/cmake --build /home/sigmu/master/src/vrx/vrx_urdf/build/wamv_description -- -j16 -l16
[0.062s] [100%] Built target wamv_description__xacro_auto_generate
[0.073s] Invoked command in '/home/sigmu/master/src/vrx/vrx_urdf/build/wamv_description' returned '0': AMENT_PREFIX_PATH=/home/sigmu/master/src/vrx/vrx_urdf/install/vrx_gazebo:${AMENT_PREFIX_PATH} CMAKE_PREFIX_PATH=/home/sigmu/master/src/vrx/vrx_urdf/install/vrx_gazebo:/home/sigmu/master/install/wamv_gazebo:/home/sigmu/master/install/wamv_description:/home/sigmu/master/install/vrx_gz:/home/sigmu/master/install/vrx_ros:/home/sigmu/master/install/vrx_gazebo:/home/sigmu/FRE24/install/webots_ros2_control:/home/sigmu/FRE24/install/webots_ros2_driver:/home/sigmu/FRE24/install/webots_ros2_msgs:/home/sigmu/FRE24/install/fre_custom_srv_msg:/home/sigmu/FRE24/install/action_pkg:/home/sigmu/realsense-ros/install/realsense2_description:/home/sigmu/realsense-ros/install/realsense2_camera:/home/sigmu/realsense-ros/install/realsense2_camera_msgs:/home/sigmu/FRE24/install/yo-lo:/home/sigmu/FRE24/install/webots_ros2:/home/sigmu/FRE24/install/webots_ros2_universal_robot:/home/sigmu/FRE24/install/webots_ros2_turtlebot:/home/sigmu/FRE24/install/webots_ros2_tiago:/home/sigmu/FRE24/install/webots_ros2_tests:/home/sigmu/FRE24/install/webots_ros2_tesla:/home/sigmu/FRE24/install/webots_ros2_mavic:/home/sigmu/FRE24/install/webots_ros2_epuck:/home/sigmu/FRE24/install/webots_ros2_importer:/home/sigmu/FRE24/install/task4:/home/sigmu/FRE24/install/task3:/home/sigmu/FRE24/install/row_follower:/home/sigmu/FRE24/install/pose_subscriber:/home/sigmu/FRE24/install/fre_test:/home/sigmu/FRE24/install/fre_slam_task2:/home/sigmu/FRE24/install/fre_navigation:/home/sigmu/FRE24/install/fre_camera:/home/sigmu/FRE24/install/fre_api:/opt/ros/humble GZ_SIM_RESOURCE_PATH=/home/sigmu/master/src/vrx/vrx_urdf/install/vrx_gazebo/share/vrx_gazebo/models:/home/sigmu/master/src/vrx/vrx_urdf/install/vrx_gazebo/share:${GZ_SIM_RESOURCE_PATH} PYTHONPATH=/home/sigmu/master/src/vrx/vrx_urdf/install/vrx_gazebo/local/lib/python3.10/dist-packages:${PYTHONPATH} /usr/bin/cmake --build /home/sigmu/master/src/vrx/vrx_urdf/build/wamv_description -- -j16 -l16
[0.075s] Invoking command in '/home/sigmu/master/src/vrx/vrx_urdf/build/wamv_description': AMENT_PREFIX_PATH=/home/sigmu/master/src/vrx/vrx_urdf/install/vrx_gazebo:${AMENT_PREFIX_PATH} CMAKE_PREFIX_PATH=/home/sigmu/master/src/vrx/vrx_urdf/install/vrx_gazebo:/home/sigmu/master/install/wamv_gazebo:/home/sigmu/master/install/wamv_description:/home/sigmu/master/install/vrx_gz:/home/sigmu/master/install/vrx_ros:/home/sigmu/master/install/vrx_gazebo:/home/sigmu/FRE24/install/webots_ros2_control:/home/sigmu/FRE24/install/webots_ros2_driver:/home/sigmu/FRE24/install/webots_ros2_msgs:/home/sigmu/FRE24/install/fre_custom_srv_msg:/home/sigmu/FRE24/install/action_pkg:/home/sigmu/realsense-ros/install/realsense2_description:/home/sigmu/realsense-ros/install/realsense2_camera:/home/sigmu/realsense-ros/install/realsense2_camera_msgs:/home/sigmu/FRE24/install/yo-lo:/home/sigmu/FRE24/install/webots_ros2:/home/sigmu/FRE24/install/webots_ros2_universal_robot:/home/sigmu/FRE24/install/webots_ros2_turtlebot:/home/sigmu/FRE24/install/webots_ros2_tiago:/home/sigmu/FRE24/install/webots_ros2_tests:/home/sigmu/FRE24/install/webots_ros2_tesla:/home/sigmu/FRE24/install/webots_ros2_mavic:/home/sigmu/FRE24/install/webots_ros2_epuck:/home/sigmu/FRE24/install/webots_ros2_importer:/home/sigmu/FRE24/install/task4:/home/sigmu/FRE24/install/task3:/home/sigmu/FRE24/install/row_follower:/home/sigmu/FRE24/install/pose_subscriber:/home/sigmu/FRE24/install/fre_test:/home/sigmu/FRE24/install/fre_slam_task2:/home/sigmu/FRE24/install/fre_navigation:/home/sigmu/FRE24/install/fre_camera:/home/sigmu/FRE24/install/fre_api:/opt/ros/humble GZ_SIM_RESOURCE_PATH=/home/sigmu/master/src/vrx/vrx_urdf/install/vrx_gazebo/share/vrx_gazebo/models:/home/sigmu/master/src/vrx/vrx_urdf/install/vrx_gazebo/share:${GZ_SIM_RESOURCE_PATH} PYTHONPATH=/home/sigmu/master/src/vrx/vrx_urdf/install/vrx_gazebo/local/lib/python3.10/dist-packages:${PYTHONPATH} /usr/bin/cmake --install /home/sigmu/master/src/vrx/vrx_urdf/build/wamv_description
[0.082s] -- Install configuration: ""
[0.082s] -- Up-to-date: /home/sigmu/master/src/vrx/vrx_urdf/install/wamv_description/share/wamv_description/environment/resource_paths.dsv
[0.082s] -- Up-to-date: /home/sigmu/master/src/vrx/vrx_urdf/install/wamv_description/share/wamv_description/environment/resource_paths.sh
[0.082s] -- Up-to-date: /home/sigmu/master/src/vrx/vrx_urdf/install/wamv_description/share/wamv_description/urdf/wamv_base.urdf
[0.082s] -- Up-to-date: /home/sigmu/master/src/vrx/vrx_urdf/install/wamv_description/share/wamv_description/models
[0.082s] -- Up-to-date: /home/sigmu/master/src/vrx/vrx_urdf/install/wamv_description/share/wamv_description/models/propeller
[0.082s] -- Up-to-date: /home/sigmu/master/src/vrx/vrx_urdf/install/wamv_description/share/wamv_description/models/propeller/model.config
[0.082s] -- Up-to-date: /home/sigmu/master/src/vrx/vrx_urdf/install/wamv_description/share/wamv_description/models/propeller/mesh
[0.082s] -- Up-to-date: /home/sigmu/master/src/vrx/vrx_urdf/install/wamv_description/share/wamv_description/models/propeller/mesh/propeller.dae
[0.082s] -- Up-to-date: /home/sigmu/master/src/vrx/vrx_urdf/install/wamv_description/share/wamv_description/models/WAM-V-Base
[0.082s] -- Up-to-date: /home/sigmu/master/src/vrx/vrx_urdf/install/wamv_description/share/wamv_description/models/WAM-V-Base/model.config
[0.082s] -- Up-to-date: /home/sigmu/master/src/vrx/vrx_urdf/install/wamv_description/share/wamv_description/models/WAM-V-Base/mesh
[0.083s] -- Up-to-date: /home/sigmu/master/src/vrx/vrx_urdf/install/wamv_description/share/wamv_description/models/WAM-V-Base/mesh/WAM-V-Base.dae
[0.083s] -- Up-to-date: /home/sigmu/master/src/vrx/vrx_urdf/install/wamv_description/share/wamv_description/models/WAM-V-Base/mesh/WAM-V_Metalness.png
[0.083s] -- Up-to-date: /home/sigmu/master/src/vrx/vrx_urdf/install/wamv_description/share/wamv_description/models/WAM-V-Base/mesh/WamV.png
[0.083s] -- Up-to-date: /home/sigmu/master/src/vrx/vrx_urdf/install/wamv_description/share/wamv_description/models/WAM-V-Base/mesh/WAM-V_Normal.png
[0.083s] -- Up-to-date: /home/sigmu/master/src/vrx/vrx_urdf/install/wamv_description/share/wamv_description/models/WAM-V-Base/mesh/WAM-V_Albedo.png
[0.083s] -- Up-to-date: /home/sigmu/master/src/vrx/vrx_urdf/install/wamv_description/share/wamv_description/models/WAM-V-Base/mesh/WAM-V_Roughness.png
[0.083s] -- Up-to-date: /home/sigmu/master/src/vrx/vrx_urdf/install/wamv_description/share/wamv_description/models/engine
[0.083s] -- Up-to-date: /home/sigmu/master/src/vrx/vrx_urdf/install/wamv_description/share/wamv_description/models/engine/model.config
[0.083s] -- Up-to-date: /home/sigmu/master/src/vrx/vrx_urdf/install/wamv_description/share/wamv_description/models/engine/mesh
[0.083s] -- Up-to-date: /home/sigmu/master/src/vrx/vrx_urdf/install/wamv_description/share/wamv_description/models/engine/mesh/engine.dae
[0.083s] -- Up-to-date: /home/sigmu/master/src/vrx/vrx_urdf/install/wamv_description/share/wamv_description/urdf
[0.083s] -- Up-to-date: /home/sigmu/master/src/vrx/vrx_urdf/install/wamv_description/share/wamv_description/urdf/wamv_base.urdf.xacro
[0.083s] -- Up-to-date: /home/sigmu/master/src/vrx/vrx_urdf/install/wamv_description/share/wamv_description/urdf/wamv_base.urdf2.xacro
[0.083s] -- Up-to-date: /home/sigmu/master/src/vrx/vrx_urdf/install/wamv_description/share/wamv_description/urdf/battery.xacro
[0.083s] -- Up-to-date: /home/sigmu/master/src/vrx/vrx_urdf/install/wamv_description/share/wamv_description/urdf/cpu_cases.xacro
[0.084s] -- Up-to-date: /home/sigmu/master/src/vrx/vrx_urdf/install/wamv_description/share/wamv_description/urdf/thrusters
[0.084s] -- Up-to-date: /home/sigmu/master/src/vrx/vrx_urdf/install/wamv_description/share/wamv_description/urdf/thrusters/engine.xacro
[0.084s] -- Up-to-date: /home/sigmu/master/src/vrx/vrx_urdf/install/wamv_description/share/ament_index/resource_index/package_run_dependencies/wamv_description
[0.084s] -- Up-to-date: /home/sigmu/master/src/vrx/vrx_urdf/install/wamv_description/share/ament_index/resource_index/parent_prefix_path/wamv_description
[0.084s] -- Up-to-date: /home/sigmu/master/src/vrx/vrx_urdf/install/wamv_description/share/wamv_description/environment/ament_prefix_path.sh
[0.084s] -- Up-to-date: /home/sigmu/master/src/vrx/vrx_urdf/install/wamv_description/share/wamv_description/environment/ament_prefix_path.dsv
[0.084s] -- Up-to-date: /home/sigmu/master/src/vrx/vrx_urdf/install/wamv_description/share/wamv_description/environment/path.sh
[0.084s] -- Up-to-date: /home/sigmu/master/src/vrx/vrx_urdf/install/wamv_description/share/wamv_description/environment/path.dsv
[0.084s] -- Up-to-date: /home/sigmu/master/src/vrx/vrx_urdf/install/wamv_description/share/wamv_description/local_setup.bash
[0.084s] -- Up-to-date: /home/sigmu/master/src/vrx/vrx_urdf/install/wamv_description/share/wamv_description/local_setup.sh
[0.084s] -- Up-to-date: /home/sigmu/master/src/vrx/vrx_urdf/install/wamv_description/share/wamv_description/local_setup.zsh
[0.084s] -- Up-to-date: /home/sigmu/master/src/vrx/vrx_urdf/install/wamv_description/share/wamv_description/local_setup.dsv
[0.084s] -- Installing: /home/sigmu/master/src/vrx/vrx_urdf/install/wamv_description/share/wamv_description/package.dsv
[0.084s] -- Up-to-date: /home/sigmu/master/src/vrx/vrx_urdf/install/wamv_description/share/ament_index/resource_index/packages/wamv_description
[0.084s] -- Up-to-date: /home/sigmu/master/src/vrx/vrx_urdf/install/wamv_description/share/wamv_description/cmake/wamv_descriptionConfig.cmake
[0.085s] -- Up-to-date: /home/sigmu/master/src/vrx/vrx_urdf/install/wamv_description/share/wamv_description/cmake/wamv_descriptionConfig-version.cmake
[0.085s] -- Up-to-date: /home/sigmu/master/src/vrx/vrx_urdf/install/wamv_description/share/wamv_description/package.xml
[0.085s] Invoked command in '/home/sigmu/master/src/vrx/vrx_urdf/build/wamv_description' returned '0': AMENT_PREFIX_PATH=/home/sigmu/master/src/vrx/vrx_urdf/install/vrx_gazebo:${AMENT_PREFIX_PATH} CMAKE_PREFIX_PATH=/home/sigmu/master/src/vrx/vrx_urdf/install/vrx_gazebo:/home/sigmu/master/install/wamv_gazebo:/home/sigmu/master/install/wamv_description:/home/sigmu/master/install/vrx_gz:/home/sigmu/master/install/vrx_ros:/home/sigmu/master/install/vrx_gazebo:/home/sigmu/FRE24/install/webots_ros2_control:/home/sigmu/FRE24/install/webots_ros2_driver:/home/sigmu/FRE24/install/webots_ros2_msgs:/home/sigmu/FRE24/install/fre_custom_srv_msg:/home/sigmu/FRE24/install/action_pkg:/home/sigmu/realsense-ros/install/realsense2_description:/home/sigmu/realsense-ros/install/realsense2_camera:/home/sigmu/realsense-ros/install/realsense2_camera_msgs:/home/sigmu/FRE24/install/yo-lo:/home/sigmu/FRE24/install/webots_ros2:/home/sigmu/FRE24/install/webots_ros2_universal_robot:/home/sigmu/FRE24/install/webots_ros2_turtlebot:/home/sigmu/FRE24/install/webots_ros2_tiago:/home/sigmu/FRE24/install/webots_ros2_tests:/home/sigmu/FRE24/install/webots_ros2_tesla:/home/sigmu/FRE24/install/webots_ros2_mavic:/home/sigmu/FRE24/install/webots_ros2_epuck:/home/sigmu/FRE24/install/webots_ros2_importer:/home/sigmu/FRE24/install/task4:/home/sigmu/FRE24/install/task3:/home/sigmu/FRE24/install/row_follower:/home/sigmu/FRE24/install/pose_subscriber:/home/sigmu/FRE24/install/fre_test:/home/sigmu/FRE24/install/fre_slam_task2:/home/sigmu/FRE24/install/fre_navigation:/home/sigmu/FRE24/install/fre_camera:/home/sigmu/FRE24/install/fre_api:/opt/ros/humble GZ_SIM_RESOURCE_PATH=/home/sigmu/master/src/vrx/vrx_urdf/install/vrx_gazebo/share/vrx_gazebo/models:/home/sigmu/master/src/vrx/vrx_urdf/install/vrx_gazebo/share:${GZ_SIM_RESOURCE_PATH} PYTHONPATH=/home/sigmu/master/src/vrx/vrx_urdf/install/vrx_gazebo/local/lib/python3.10/dist-packages:${PYTHONPATH} /usr/bin/cmake --install /home/sigmu/master/src/vrx/vrx_urdf/build/wamv_description
