[0.014s] Invoking command in '/home/sigmu/master/src/vrx/vrx_urdf/build/vrx_gazebo': CMAKE_PREFIX_PATH=${CMAKE_PREFIX_PATH}:/home/sigmu/FRE24/install/yo-lo:/home/sigmu/FRE24/install/webots_ros2:/home/sigmu/FRE24/install/webots_ros2_universal_robot:/home/sigmu/FRE24/install/webots_ros2_turtlebot:/home/sigmu/FRE24/install/webots_ros2_tiago:/home/sigmu/FRE24/install/webots_ros2_tests:/home/sigmu/FRE24/install/webots_ros2_tesla:/home/sigmu/FRE24/install/webots_ros2_mavic:/home/sigmu/FRE24/install/webots_ros2_epuck:/home/sigmu/FRE24/install/webots_ros2_importer:/home/sigmu/FRE24/install/task4:/home/sigmu/FRE24/install/task3:/home/sigmu/FRE24/install/row_follower:/home/sigmu/FRE24/install/pose_subscriber:/home/sigmu/FRE24/install/fre_test:/home/sigmu/FRE24/install/fre_slam_task2:/home/sigmu/FRE24/install/fre_navigation:/home/sigmu/FRE24/install/fre_camera:/home/sigmu/FRE24/install/fre_api:/opt/ros/humble /usr/bin/cmake /home/sigmu/master/src/vrx/vrx_urdf/vrx_gazebo -DCMAKE_INSTALL_PREFIX=/home/sigmu/master/src/vrx/vrx_urdf/install/vrx_gazebo
[0.108s] -- The C compiler identification is GNU 11.4.0
[0.177s] -- The CXX compiler identification is GNU 11.4.0
[0.185s] -- Detecting C compiler ABI info
[0.247s] -- Detecting C compiler ABI info - done
[0.251s] -- Check for working C compiler: /usr/bin/cc - skipped
[0.252s] -- Detecting C compile features
[0.252s] -- Detecting C compile features - done
[0.255s] -- Detecting CXX compiler ABI info
[0.324s] -- Detecting CXX compiler ABI info - done
[0.329s] -- Check for working CXX compiler: /usr/bin/c++ - skipped
[0.329s] -- Detecting CXX compile features
[0.330s] -- Detecting CXX compile features - done
[0.337s] -- Found ament_cmake: 1.3.11 (/opt/ros/humble/share/ament_cmake/cmake)
[0.493s] -- Found Python3: /usr/bin/python3 (found version "3.10.12") found components: Interpreter 
[0.763s] -- Configuring done
[0.765s] -- Generating done
[0.768s] -- Build files have been written to: /home/sigmu/master/src/vrx/vrx_urdf/build/vrx_gazebo
[0.771s] Invoked command in '/home/sigmu/master/src/vrx/vrx_urdf/build/vrx_gazebo' returned '0': CMAKE_PREFIX_PATH=${CMAKE_PREFIX_PATH}:/home/sigmu/FRE24/install/yo-lo:/home/sigmu/FRE24/install/webots_ros2:/home/sigmu/FRE24/install/webots_ros2_universal_robot:/home/sigmu/FRE24/install/webots_ros2_turtlebot:/home/sigmu/FRE24/install/webots_ros2_tiago:/home/sigmu/FRE24/install/webots_ros2_tests:/home/sigmu/FRE24/install/webots_ros2_tesla:/home/sigmu/FRE24/install/webots_ros2_mavic:/home/sigmu/FRE24/install/webots_ros2_epuck:/home/sigmu/FRE24/install/webots_ros2_importer:/home/sigmu/FRE24/install/task4:/home/sigmu/FRE24/install/task3:/home/sigmu/FRE24/install/row_follower:/home/sigmu/FRE24/install/pose_subscriber:/home/sigmu/FRE24/install/fre_test:/home/sigmu/FRE24/install/fre_slam_task2:/home/sigmu/FRE24/install/fre_navigation:/home/sigmu/FRE24/install/fre_camera:/home/sigmu/FRE24/install/fre_api:/opt/ros/humble /usr/bin/cmake /home/sigmu/master/src/vrx/vrx_urdf/vrx_gazebo -DCMAKE_INSTALL_PREFIX=/home/sigmu/master/src/vrx/vrx_urdf/install/vrx_gazebo
[0.773s] Invoking command in '/home/sigmu/master/src/vrx/vrx_urdf/build/vrx_gazebo': CMAKE_PREFIX_PATH=${CMAKE_PREFIX_PATH}:/home/sigmu/FRE24/install/yo-lo:/home/sigmu/FRE24/install/webots_ros2:/home/sigmu/FRE24/install/webots_ros2_universal_robot:/home/sigmu/FRE24/install/webots_ros2_turtlebot:/home/sigmu/FRE24/install/webots_ros2_tiago:/home/sigmu/FRE24/install/webots_ros2_tests:/home/sigmu/FRE24/install/webots_ros2_tesla:/home/sigmu/FRE24/install/webots_ros2_mavic:/home/sigmu/FRE24/install/webots_ros2_epuck:/home/sigmu/FRE24/install/webots_ros2_importer:/home/sigmu/FRE24/install/task4:/home/sigmu/FRE24/install/task3:/home/sigmu/FRE24/install/row_follower:/home/sigmu/FRE24/install/pose_subscriber:/home/sigmu/FRE24/install/fre_test:/home/sigmu/FRE24/install/fre_slam_task2:/home/sigmu/FRE24/install/fre_navigation:/home/sigmu/FRE24/install/fre_camera:/home/sigmu/FRE24/install/fre_api:/opt/ros/humble /usr/bin/cmake --build /home/sigmu/master/src/vrx/vrx_urdf/build/vrx_gazebo -- -j16 -l16
[0.826s] Built target ament_cmake_python_copy_vrx_gazebo
[1.055s] running egg_info
[1.056s] creating vrx_gazebo.egg-info
[1.056s] writing vrx_gazebo.egg-info/PKG-INFO
[1.056s] writing dependency_links to vrx_gazebo.egg-info/dependency_links.txt
[1.056s] writing top-level names to vrx_gazebo.egg-info/top_level.txt
[1.056s] writing manifest file 'vrx_gazebo.egg-info/SOURCES.txt'
[1.058s] reading manifest file 'vrx_gazebo.egg-info/SOURCES.txt'
[1.058s] writing manifest file 'vrx_gazebo.egg-info/SOURCES.txt'
[1.082s] Built target ament_cmake_python_build_vrx_gazebo_egg
[1.092s] Invoked command in '/home/sigmu/master/src/vrx/vrx_urdf/build/vrx_gazebo' returned '0': CMAKE_PREFIX_PATH=${CMAKE_PREFIX_PATH}:/home/sigmu/FRE24/install/yo-lo:/home/sigmu/FRE24/install/webots_ros2:/home/sigmu/FRE24/install/webots_ros2_universal_robot:/home/sigmu/FRE24/install/webots_ros2_turtlebot:/home/sigmu/FRE24/install/webots_ros2_tiago:/home/sigmu/FRE24/install/webots_ros2_tests:/home/sigmu/FRE24/install/webots_ros2_tesla:/home/sigmu/FRE24/install/webots_ros2_mavic:/home/sigmu/FRE24/install/webots_ros2_epuck:/home/sigmu/FRE24/install/webots_ros2_importer:/home/sigmu/FRE24/install/task4:/home/sigmu/FRE24/install/task3:/home/sigmu/FRE24/install/row_follower:/home/sigmu/FRE24/install/pose_subscriber:/home/sigmu/FRE24/install/fre_test:/home/sigmu/FRE24/install/fre_slam_task2:/home/sigmu/FRE24/install/fre_navigation:/home/sigmu/FRE24/install/fre_camera:/home/sigmu/FRE24/install/fre_api:/opt/ros/humble /usr/bin/cmake --build /home/sigmu/master/src/vrx/vrx_urdf/build/vrx_gazebo -- -j16 -l16
[1.102s] Invoking command in '/home/sigmu/master/src/vrx/vrx_urdf/build/vrx_gazebo': CMAKE_PREFIX_PATH=${CMAKE_PREFIX_PATH}:/home/sigmu/FRE24/install/yo-lo:/home/sigmu/FRE24/install/webots_ros2:/home/sigmu/FRE24/install/webots_ros2_universal_robot:/home/sigmu/FRE24/install/webots_ros2_turtlebot:/home/sigmu/FRE24/install/webots_ros2_tiago:/home/sigmu/FRE24/install/webots_ros2_tests:/home/sigmu/FRE24/install/webots_ros2_tesla:/home/sigmu/FRE24/install/webots_ros2_mavic:/home/sigmu/FRE24/install/webots_ros2_epuck:/home/sigmu/FRE24/install/webots_ros2_importer:/home/sigmu/FRE24/install/task4:/home/sigmu/FRE24/install/task3:/home/sigmu/FRE24/install/row_follower:/home/sigmu/FRE24/install/pose_subscriber:/home/sigmu/FRE24/install/fre_test:/home/sigmu/FRE24/install/fre_slam_task2:/home/sigmu/FRE24/install/fre_navigation:/home/sigmu/FRE24/install/fre_camera:/home/sigmu/FRE24/install/fre_api:/opt/ros/humble /usr/bin/cmake --install /home/sigmu/master/src/vrx/vrx_urdf/build/vrx_gazebo
[1.108s] -- Install configuration: ""
[1.108s] -- Installing: /home/sigmu/master/src/vrx/vrx_urdf/install/vrx_gazebo/share/vrx_gazebo/environment/resource_paths.dsv
[1.109s] -- Installing: /home/sigmu/master/src/vrx/vrx_urdf/install/vrx_gazebo/share/vrx_gazebo/environment/resource_paths.sh
[1.109s] -- Installing: /home/sigmu/master/src/vrx/vrx_urdf/install/vrx_gazebo/share/vrx_gazebo/models
[1.109s] -- Installing: /home/sigmu/master/src/vrx/vrx_urdf/install/vrx_gazebo/share/vrx_gazebo/models/3d_lidar
[1.109s] -- Installing: /home/sigmu/master/src/vrx/vrx_urdf/install/vrx_gazebo/share/vrx_gazebo/models/3d_lidar/model.sdf
[1.109s] -- Installing: /home/sigmu/master/src/vrx/vrx_urdf/install/vrx_gazebo/share/vrx_gazebo/models/3d_lidar/model.config
[1.109s] -- Installing: /home/sigmu/master/src/vrx/vrx_urdf/install/vrx_gazebo/share/vrx_gazebo/models/3d_lidar/mesh
[1.109s] -- Installing: /home/sigmu/master/src/vrx/vrx_urdf/install/vrx_gazebo/share/vrx_gazebo/models/3d_lidar/mesh/3d_lidar.png
[1.110s] -- Installing: /home/sigmu/master/src/vrx/vrx_urdf/install/vrx_gazebo/share/vrx_gazebo/models/3d_lidar/mesh/3d_Lidar_Normal.png
[1.110s] -- Installing: /home/sigmu/master/src/vrx/vrx_urdf/install/vrx_gazebo/share/vrx_gazebo/models/3d_lidar/mesh/3d_Lidar_Albedo.png
[1.111s] -- Installing: /home/sigmu/master/src/vrx/vrx_urdf/install/vrx_gazebo/share/vrx_gazebo/models/3d_lidar/mesh/3d_lidar.dae
[1.111s] -- Installing: /home/sigmu/master/src/vrx/vrx_urdf/install/vrx_gazebo/share/vrx_gazebo/models/3d_lidar/mesh/3d_Lidar_Roughness.png
[1.111s] -- Installing: /home/sigmu/master/src/vrx/vrx_urdf/install/vrx_gazebo/share/vrx_gazebo/models/3d_lidar/mesh/3d_Lidar_Metalness.png
[1.111s] -- Installing: /home/sigmu/master/src/vrx/vrx_urdf/install/vrx_gazebo/share/vrx_gazebo/models/blue_projectile
[1.111s] -- Installing: /home/sigmu/master/src/vrx/vrx_urdf/install/vrx_gazebo/share/vrx_gazebo/models/blue_projectile/model.sdf
[1.112s] -- Installing: /home/sigmu/master/src/vrx/vrx_urdf/install/vrx_gazebo/share/vrx_gazebo/models/blue_projectile/model.config
[1.112s] -- Installing: /home/sigmu/master/src/vrx/vrx_urdf/install/vrx_gazebo/share/vrx_gazebo/models/battery
[1.112s] -- Installing: /home/sigmu/master/src/vrx/vrx_urdf/install/vrx_gazebo/share/vrx_gazebo/models/battery/model.sdf
[1.112s] -- Installing: /home/sigmu/master/src/vrx/vrx_urdf/install/vrx_gazebo/share/vrx_gazebo/models/battery/model.config
[1.112s] -- Installing: /home/sigmu/master/src/vrx/vrx_urdf/install/vrx_gazebo/share/vrx_gazebo/models/battery/mesh
[1.112s] -- Installing: /home/sigmu/master/src/vrx/vrx_urdf/install/vrx_gazebo/share/vrx_gazebo/models/battery/mesh/battery_Normal.png
[1.117s] -- Installing: /home/sigmu/master/src/vrx/vrx_urdf/install/vrx_gazebo/share/vrx_gazebo/models/battery/mesh/battery_Roughness.png
[1.119s] -- Installing: /home/sigmu/master/src/vrx/vrx_urdf/install/vrx_gazebo/share/vrx_gazebo/models/battery/mesh/battery.dae
[1.119s] -- Installing: /home/sigmu/master/src/vrx/vrx_urdf/install/vrx_gazebo/share/vrx_gazebo/models/battery/mesh/battery_Metalness.png
[1.119s] -- Installing: /home/sigmu/master/src/vrx/vrx_urdf/install/vrx_gazebo/share/vrx_gazebo/models/battery/mesh/battery_Albedo.png
[1.123s] -- Installing: /home/sigmu/master/src/vrx/vrx_urdf/install/vrx_gazebo/share/vrx_gazebo/models/battery/mesh/battery.png
[1.131s] -- Installing: /home/sigmu/master/src/vrx/vrx_urdf/install/vrx_gazebo/share/vrx_gazebo/models/ball_shooter
[1.131s] -- Installing: /home/sigmu/master/src/vrx/vrx_urdf/install/vrx_gazebo/share/vrx_gazebo/models/ball_shooter/model.sdf
[1.131s] -- Installing: /home/sigmu/master/src/vrx/vrx_urdf/install/vrx_gazebo/share/vrx_gazebo/models/ball_shooter/meshes
[1.131s] -- Installing: /home/sigmu/master/src/vrx/vrx_urdf/install/vrx_gazebo/share/vrx_gazebo/models/ball_shooter/meshes/Launcher_Albedo.png
[1.132s] -- Installing: /home/sigmu/master/src/vrx/vrx_urdf/install/vrx_gazebo/share/vrx_gazebo/models/ball_shooter/meshes/ball_shooter_launcher.dae
[1.132s] -- Installing: /home/sigmu/master/src/vrx/vrx_urdf/install/vrx_gazebo/share/vrx_gazebo/models/ball_shooter/meshes/ball_shooter_base.dae
[1.132s] -- Installing: /home/sigmu/master/src/vrx/vrx_urdf/install/vrx_gazebo/share/vrx_gazebo/models/ball_shooter/meshes/Glass_BaseColor.png
[1.132s] -- Installing: /home/sigmu/master/src/vrx/vrx_urdf/install/vrx_gazebo/share/vrx_gazebo/models/ball_shooter/meshes/Launcher_BaseColor.png
[1.135s] -- Installing: /home/sigmu/master/src/vrx/vrx_urdf/install/vrx_gazebo/share/vrx_gazebo/models/ball_shooter/materials
[1.135s] -- Installing: /home/sigmu/master/src/vrx/vrx_urdf/install/vrx_gazebo/share/vrx_gazebo/models/ball_shooter/materials/Textures
[1.135s] -- Installing: /home/sigmu/master/src/vrx/vrx_urdf/install/vrx_gazebo/share/vrx_gazebo/models/ball_shooter/materials/Textures/Launcher_Albedo.png
[1.137s] -- Installing: /home/sigmu/master/src/vrx/vrx_urdf/install/vrx_gazebo/share/vrx_gazebo/models/ball_shooter/materials/Textures/Launcher_Normal.png
[1.137s] -- Installing: /home/sigmu/master/src/vrx/vrx_urdf/install/vrx_gazebo/share/vrx_gazebo/models/ball_shooter/materials/Textures/Launcher_Roughness.png
[1.137s] -- Installing: /home/sigmu/master/src/vrx/vrx_urdf/install/vrx_gazebo/share/vrx_gazebo/models/ball_shooter/materials/Textures/Launcher_Metalness.png
[1.138s] -- Installing: /home/sigmu/master/src/vrx/vrx_urdf/install/vrx_gazebo/share/vrx_gazebo/models/ball_shooter/model.config
[1.138s] -- Installing: /home/sigmu/master/src/vrx/vrx_urdf/install/vrx_gazebo/share/vrx_gazebo/models/mono_camera
[1.138s] -- Installing: /home/sigmu/master/src/vrx/vrx_urdf/install/vrx_gazebo/share/vrx_gazebo/models/mono_camera/model.sdf
[1.138s] -- Installing: /home/sigmu/master/src/vrx/vrx_urdf/install/vrx_gazebo/share/vrx_gazebo/models/mono_camera/model.config
[1.138s] -- Installing: /home/sigmu/master/src/vrx/vrx_urdf/install/vrx_gazebo/share/vrx_gazebo/models/mono_camera/mesh
[1.138s] -- Installing: /home/sigmu/master/src/vrx/vrx_urdf/install/vrx_gazebo/share/vrx_gazebo/models/mono_camera/mesh/mono_camera.dae
[1.138s] -- Installing: /home/sigmu/master/src/vrx/vrx_urdf/install/vrx_gazebo/share/vrx_gazebo/models/mono_camera/mesh/mono_camera_Normal.png
[1.139s] -- Installing: /home/sigmu/master/src/vrx/vrx_urdf/install/vrx_gazebo/share/vrx_gazebo/models/mono_camera/mesh/mono_camera_Metalness.png
[1.139s] -- Installing: /home/sigmu/master/src/vrx/vrx_urdf/install/vrx_gazebo/share/vrx_gazebo/models/mono_camera/mesh/mono_camera_Roughness.png
[1.139s] -- Installing: /home/sigmu/master/src/vrx/vrx_urdf/install/vrx_gazebo/share/vrx_gazebo/models/mono_camera/mesh/mono_camera.png
[1.140s] -- Installing: /home/sigmu/master/src/vrx/vrx_urdf/install/vrx_gazebo/share/vrx_gazebo/models/mono_camera/mesh/mono_camera_Albedo.png
[1.140s] -- Installing: /home/sigmu/master/src/vrx/vrx_urdf/install/vrx_gazebo/share/vrx_gazebo/models/sensor_post
[1.140s] -- Installing: /home/sigmu/master/src/vrx/vrx_urdf/install/vrx_gazebo/share/vrx_gazebo/models/sensor_post/model.sdf
[1.140s] -- Installing: /home/sigmu/master/src/vrx/vrx_urdf/install/vrx_gazebo/share/vrx_gazebo/models/sensor_post/model.config
[1.141s] -- Installing: /home/sigmu/master/src/vrx/vrx_urdf/install/vrx_gazebo/share/vrx_gazebo/models/sensor_post/mesh
[1.141s] -- Installing: /home/sigmu/master/src/vrx/vrx_urdf/install/vrx_gazebo/share/vrx_gazebo/models/sensor_post/mesh/sensor_post.png
[1.141s] -- Installing: /home/sigmu/master/src/vrx/vrx_urdf/install/vrx_gazebo/share/vrx_gazebo/models/sensor_post/mesh/sensor_post.dae
[1.142s] -- Installing: /home/sigmu/master/src/vrx/vrx_urdf/install/vrx_gazebo/share/vrx_gazebo/models/sensor_post/mesh/sensor_post_arm.dae
[1.142s] -- Installing: /home/sigmu/master/src/vrx/vrx_urdf/install/vrx_gazebo/share/vrx_gazebo/models/cpu_cases
[1.142s] -- Installing: /home/sigmu/master/src/vrx/vrx_urdf/install/vrx_gazebo/share/vrx_gazebo/models/cpu_cases/model.sdf
[1.142s] -- Installing: /home/sigmu/master/src/vrx/vrx_urdf/install/vrx_gazebo/share/vrx_gazebo/models/cpu_cases/model.config
[1.142s] -- Installing: /home/sigmu/master/src/vrx/vrx_urdf/install/vrx_gazebo/share/vrx_gazebo/models/cpu_cases/mesh
[1.142s] -- Installing: /home/sigmu/master/src/vrx/vrx_urdf/install/vrx_gazebo/share/vrx_gazebo/models/cpu_cases/mesh/cpu_cases_Roughness.png
[1.144s] -- Installing: /home/sigmu/master/src/vrx/vrx_urdf/install/vrx_gazebo/share/vrx_gazebo/models/cpu_cases/mesh/cpu_cases_Albedo.png
[1.148s] -- Installing: /home/sigmu/master/src/vrx/vrx_urdf/install/vrx_gazebo/share/vrx_gazebo/models/cpu_cases/mesh/cpu_cases_Normal.png
[1.153s] -- Installing: /home/sigmu/master/src/vrx/vrx_urdf/install/vrx_gazebo/share/vrx_gazebo/models/cpu_cases/mesh/cpu_cases_Metalness.png
[1.153s] -- Installing: /home/sigmu/master/src/vrx/vrx_urdf/install/vrx_gazebo/share/vrx_gazebo/models/cpu_cases/mesh/cpu_cases.png
[1.160s] -- Installing: /home/sigmu/master/src/vrx/vrx_urdf/install/vrx_gazebo/share/vrx_gazebo/models/cpu_cases/mesh/cpu_cases.dae
[1.160s] -- Installing: /home/sigmu/master/src/vrx/vrx_urdf/install/vrx_gazebo/share/vrx_gazebo/launch
[1.160s] -- Installing: /home/sigmu/master/src/vrx/vrx_urdf/install/vrx_gazebo/share/vrx_gazebo/launch/generate_wamv.launch.py
[1.160s] -- Installing: /home/sigmu/master/src/vrx/vrx_urdf/install/vrx_gazebo/share/vrx_gazebo/launch/rviz.launch.py
[1.160s] -- Installing: /home/sigmu/master/src/vrx/vrx_urdf/install/vrx_gazebo/share/vrx_gazebo/config
[1.161s] -- Installing: /home/sigmu/master/src/vrx/vrx_urdf/install/vrx_gazebo/share/vrx_gazebo/config/rviz_vrx_final.rviz
[1.161s] -- Installing: /home/sigmu/master/src/vrx/vrx_urdf/install/vrx_gazebo/share/vrx_gazebo/config/rviz_vrx_rsp.rviz
[1.161s] -- Installing: /home/sigmu/master/src/vrx/vrx_urdf/install/vrx_gazebo/share/vrx_gazebo/config/wamv_config
[1.161s] -- Installing: /home/sigmu/master/src/vrx/vrx_urdf/install/vrx_gazebo/share/vrx_gazebo/config/wamv_config/example_component_config.yaml
[1.161s] -- Installing: /home/sigmu/master/src/vrx/vrx_urdf/install/vrx_gazebo/share/vrx_gazebo/config/wamv_config/example_thruster_config.yaml
[1.161s] -- Installing: /home/sigmu/master/src/vrx/vrx_urdf/install/vrx_gazebo/share/vrx_gazebo/config/wamv_config/component_compliance
[1.162s] -- Installing: /home/sigmu/master/src/vrx/vrx_urdf/install/vrx_gazebo/share/vrx_gazebo/config/wamv_config/component_compliance/numeric.yaml
[1.162s] -- Installing: /home/sigmu/master/src/vrx/vrx_urdf/install/vrx_gazebo/share/vrx_gazebo/config/wamv_config/component_compliance/bounding_boxes.yaml
[1.162s] -- Installing: /home/sigmu/master/src/vrx/vrx_urdf/install/vrx_gazebo/share/vrx_gazebo/config/wamv_config/thruster_compliance
[1.162s] -- Installing: /home/sigmu/master/src/vrx/vrx_urdf/install/vrx_gazebo/share/vrx_gazebo/config/wamv_config/thruster_compliance/numeric.yaml
[1.162s] -- Installing: /home/sigmu/master/src/vrx/vrx_urdf/install/vrx_gazebo/share/vrx_gazebo/config/wamv_config/thruster_compliance/bounding_boxes.yaml
[1.163s] -- Installing: /home/sigmu/master/src/vrx/vrx_urdf/install/vrx_gazebo/lib/vrx_gazebo/generate_wamv.py
[1.163s] -- Installing: /home/sigmu/master/src/vrx/vrx_urdf/install/vrx_gazebo/share/vrx_gazebo/environment/pythonpath.sh
[1.163s] -- Installing: /home/sigmu/master/src/vrx/vrx_urdf/install/vrx_gazebo/share/vrx_gazebo/environment/pythonpath.dsv
[1.163s] -- Installing: /home/sigmu/master/src/vrx/vrx_urdf/install/vrx_gazebo/local/lib/python3.10/dist-packages/vrx_gazebo-1.3.0-py3.10.egg-info
[1.163s] -- Installing: /home/sigmu/master/src/vrx/vrx_urdf/install/vrx_gazebo/local/lib/python3.10/dist-packages/vrx_gazebo-1.3.0-py3.10.egg-info/dependency_links.txt
[1.163s] -- Installing: /home/sigmu/master/src/vrx/vrx_urdf/install/vrx_gazebo/local/lib/python3.10/dist-packages/vrx_gazebo-1.3.0-py3.10.egg-info/top_level.txt
[1.163s] -- Installing: /home/sigmu/master/src/vrx/vrx_urdf/install/vrx_gazebo/local/lib/python3.10/dist-packages/vrx_gazebo-1.3.0-py3.10.egg-info/SOURCES.txt
[1.163s] -- Installing: /home/sigmu/master/src/vrx/vrx_urdf/install/vrx_gazebo/local/lib/python3.10/dist-packages/vrx_gazebo-1.3.0-py3.10.egg-info/PKG-INFO
[1.164s] -- Installing: /home/sigmu/master/src/vrx/vrx_urdf/install/vrx_gazebo/local/lib/python3.10/dist-packages/vrx_gazebo
[1.164s] -- Installing: /home/sigmu/master/src/vrx/vrx_urdf/install/vrx_gazebo/local/lib/python3.10/dist-packages/vrx_gazebo/compliance.py
[1.164s] -- Installing: /home/sigmu/master/src/vrx/vrx_urdf/install/vrx_gazebo/local/lib/python3.10/dist-packages/vrx_gazebo/configure_wamv.py
[1.164s] -- Installing: /home/sigmu/master/src/vrx/vrx_urdf/install/vrx_gazebo/local/lib/python3.10/dist-packages/vrx_gazebo/utils.py
[1.164s] -- Installing: /home/sigmu/master/src/vrx/vrx_urdf/install/vrx_gazebo/local/lib/python3.10/dist-packages/vrx_gazebo/__init__.py
[1.200s] Listing '/home/sigmu/master/src/vrx/vrx_urdf/install/vrx_gazebo/local/lib/python3.10/dist-packages/vrx_gazebo'...
[1.200s] Compiling '/home/sigmu/master/src/vrx/vrx_urdf/install/vrx_gazebo/local/lib/python3.10/dist-packages/vrx_gazebo/__init__.py'...
[1.200s] Compiling '/home/sigmu/master/src/vrx/vrx_urdf/install/vrx_gazebo/local/lib/python3.10/dist-packages/vrx_gazebo/compliance.py'...
[1.200s] Compiling '/home/sigmu/master/src/vrx/vrx_urdf/install/vrx_gazebo/local/lib/python3.10/dist-packages/vrx_gazebo/configure_wamv.py'...
[1.200s] Compiling '/home/sigmu/master/src/vrx/vrx_urdf/install/vrx_gazebo/local/lib/python3.10/dist-packages/vrx_gazebo/utils.py'...
[1.203s] -- Installing: /home/sigmu/master/src/vrx/vrx_urdf/install/vrx_gazebo/share/ament_index/resource_index/package_run_dependencies/vrx_gazebo
[1.203s] -- Installing: /home/sigmu/master/src/vrx/vrx_urdf/install/vrx_gazebo/share/ament_index/resource_index/parent_prefix_path/vrx_gazebo
[1.204s] -- Installing: /home/sigmu/master/src/vrx/vrx_urdf/install/vrx_gazebo/share/vrx_gazebo/environment/ament_prefix_path.sh
[1.204s] -- Installing: /home/sigmu/master/src/vrx/vrx_urdf/install/vrx_gazebo/share/vrx_gazebo/environment/ament_prefix_path.dsv
[1.204s] -- Installing: /home/sigmu/master/src/vrx/vrx_urdf/install/vrx_gazebo/share/vrx_gazebo/environment/path.sh
[1.204s] -- Installing: /home/sigmu/master/src/vrx/vrx_urdf/install/vrx_gazebo/share/vrx_gazebo/environment/path.dsv
[1.204s] -- Installing: /home/sigmu/master/src/vrx/vrx_urdf/install/vrx_gazebo/share/vrx_gazebo/local_setup.bash
[1.204s] -- Installing: /home/sigmu/master/src/vrx/vrx_urdf/install/vrx_gazebo/share/vrx_gazebo/local_setup.sh
[1.204s] -- Installing: /home/sigmu/master/src/vrx/vrx_urdf/install/vrx_gazebo/share/vrx_gazebo/local_setup.zsh
[1.204s] -- Installing: /home/sigmu/master/src/vrx/vrx_urdf/install/vrx_gazebo/share/vrx_gazebo/local_setup.dsv
[1.205s] -- Installing: /home/sigmu/master/src/vrx/vrx_urdf/install/vrx_gazebo/share/vrx_gazebo/package.dsv
[1.205s] -- Installing: /home/sigmu/master/src/vrx/vrx_urdf/install/vrx_gazebo/share/ament_index/resource_index/packages/vrx_gazebo
[1.205s] -- Installing: /home/sigmu/master/src/vrx/vrx_urdf/install/vrx_gazebo/share/vrx_gazebo/cmake/vrx_gazeboConfig.cmake
[1.205s] -- Installing: /home/sigmu/master/src/vrx/vrx_urdf/install/vrx_gazebo/share/vrx_gazebo/cmake/vrx_gazeboConfig-version.cmake
[1.205s] -- Installing: /home/sigmu/master/src/vrx/vrx_urdf/install/vrx_gazebo/share/vrx_gazebo/package.xml
[1.207s] Invoked command in '/home/sigmu/master/src/vrx/vrx_urdf/build/vrx_gazebo' returned '0': CMAKE_PREFIX_PATH=${CMAKE_PREFIX_PATH}:/home/sigmu/FRE24/install/yo-lo:/home/sigmu/FRE24/install/webots_ros2:/home/sigmu/FRE24/install/webots_ros2_universal_robot:/home/sigmu/FRE24/install/webots_ros2_turtlebot:/home/sigmu/FRE24/install/webots_ros2_tiago:/home/sigmu/FRE24/install/webots_ros2_tests:/home/sigmu/FRE24/install/webots_ros2_tesla:/home/sigmu/FRE24/install/webots_ros2_mavic:/home/sigmu/FRE24/install/webots_ros2_epuck:/home/sigmu/FRE24/install/webots_ros2_importer:/home/sigmu/FRE24/install/task4:/home/sigmu/FRE24/install/task3:/home/sigmu/FRE24/install/row_follower:/home/sigmu/FRE24/install/pose_subscriber:/home/sigmu/FRE24/install/fre_test:/home/sigmu/FRE24/install/fre_slam_task2:/home/sigmu/FRE24/install/fre_navigation:/home/sigmu/FRE24/install/fre_camera:/home/sigmu/FRE24/install/fre_api:/opt/ros/humble /usr/bin/cmake --install /home/sigmu/master/src/vrx/vrx_urdf/build/vrx_gazebo
