[0.010s] Invoking command in '/home/sigmu/master/src/vrx/vrx_urdf/build/wamv_gazebo': AMENT_PREFIX_PATH=/home/sigmu/master/src/vrx/vrx_urdf/install/wamv_description:/home/sigmu/master/src/vrx/vrx_urdf/install/vrx_gazebo:${AMENT_PREFIX_PATH} CMAKE_PREFIX_PATH=/home/sigmu/master/src/vrx/vrx_urdf/install/wamv_description:/home/sigmu/master/src/vrx/vrx_urdf/install/vrx_gazebo:/home/sigmu/master/install/wamv_gazebo:/home/sigmu/master/install/wamv_description:/home/sigmu/master/install/vrx_gz:/home/sigmu/master/install/vrx_ros:/home/sigmu/master/install/vrx_gazebo:/home/sigmu/FRE24/install/webots_ros2_control:/home/sigmu/FRE24/install/webots_ros2_driver:/home/sigmu/FRE24/install/webots_ros2_msgs:/home/sigmu/FRE24/install/fre_custom_srv_msg:/home/sigmu/FRE24/install/action_pkg:/home/sigmu/realsense-ros/install/realsense2_description:/home/sigmu/realsense-ros/install/realsense2_camera:/home/sigmu/realsense-ros/install/realsense2_camera_msgs:/home/sigmu/FRE24/install/yo-lo:/home/sigmu/FRE24/install/webots_ros2:/home/sigmu/FRE24/install/webots_ros2_universal_robot:/home/sigmu/FRE24/install/webots_ros2_turtlebot:/home/sigmu/FRE24/install/webots_ros2_tiago:/home/sigmu/FRE24/install/webots_ros2_tests:/home/sigmu/FRE24/install/webots_ros2_tesla:/home/sigmu/FRE24/install/webots_ros2_mavic:/home/sigmu/FRE24/install/webots_ros2_epuck:/home/sigmu/FRE24/install/webots_ros2_importer:/home/sigmu/FRE24/install/task4:/home/sigmu/FRE24/install/task3:/home/sigmu/FRE24/install/row_follower:/home/sigmu/FRE24/install/pose_subscriber:/home/sigmu/FRE24/install/fre_test:/home/sigmu/FRE24/install/fre_slam_task2:/home/sigmu/FRE24/install/fre_navigation:/home/sigmu/FRE24/install/fre_camera:/home/sigmu/FRE24/install/fre_api:/opt/ros/humble GZ_SIM_RESOURCE_PATH=/home/sigmu/master/src/vrx/vrx_urdf/install/wamv_description/share/wamv_description/models:/home/sigmu/master/src/vrx/vrx_urdf/install/vrx_gazebo/share/vrx_gazebo/models:/home/sigmu/master/src/vrx/vrx_urdf/install/vrx_gazebo/share:${GZ_SIM_RESOURCE_PATH} PYTHONPATH=/home/sigmu/master/src/vrx/vrx_urdf/install/vrx_gazebo/local/lib/python3.10/dist-packages:${PYTHONPATH} /usr/bin/cmake /home/sigmu/master/src/vrx/vrx_urdf/wamv_gazebo -DCMAKE_INSTALL_PREFIX=/home/sigmu/master/src/vrx/vrx_urdf/install/wamv_gazebo
[0.057s] -- The C compiler identification is GNU 11.4.0
[0.101s] -- The CXX compiler identification is GNU 11.4.0
[0.107s] -- Detecting C compiler ABI info
[0.171s] -- Detecting C compiler ABI info - done
[0.176s] -- Check for working C compiler: /usr/bin/cc - skipped
[0.176s] -- Detecting C compile features
[0.177s] -- Detecting C compile features - done
[0.179s] -- Detecting CXX compiler ABI info
[0.251s] -- Detecting CXX compiler ABI info - done
[0.256s] -- Check for working CXX compiler: /usr/bin/c++ - skipped
[0.257s] -- Detecting CXX compile features
[0.257s] -- Detecting CXX compile features - done
[0.262s] -- Found ament_cmake: 1.3.11 (/opt/ros/humble/share/ament_cmake/cmake)
[0.423s] -- Found Python3: /usr/bin/python3 (found version "3.10.12") found components: Interpreter 
[0.554s] -- Found xacro: 2.0.8 (/opt/ros/humble/share/xacro/cmake)
[0.554s] -- Found wamv_description: 1.3.0 (/home/sigmu/master/src/vrx/vrx_urdf/install/wamv_description/share/wamv_description/cmake)
[0.616s] -- Configuring done
[0.619s] -- Generating done
[0.620s] -- Build files have been written to: /home/sigmu/master/src/vrx/vrx_urdf/build/wamv_gazebo
[0.625s] Invoked command in '/home/sigmu/master/src/vrx/vrx_urdf/build/wamv_gazebo' returned '0': AMENT_PREFIX_PATH=/home/sigmu/master/src/vrx/vrx_urdf/install/wamv_description:/home/sigmu/master/src/vrx/vrx_urdf/install/vrx_gazebo:${AMENT_PREFIX_PATH} CMAKE_PREFIX_PATH=/home/sigmu/master/src/vrx/vrx_urdf/install/wamv_description:/home/sigmu/master/src/vrx/vrx_urdf/install/vrx_gazebo:/home/sigmu/master/install/wamv_gazebo:/home/sigmu/master/install/wamv_description:/home/sigmu/master/install/vrx_gz:/home/sigmu/master/install/vrx_ros:/home/sigmu/master/install/vrx_gazebo:/home/sigmu/FRE24/install/webots_ros2_control:/home/sigmu/FRE24/install/webots_ros2_driver:/home/sigmu/FRE24/install/webots_ros2_msgs:/home/sigmu/FRE24/install/fre_custom_srv_msg:/home/sigmu/FRE24/install/action_pkg:/home/sigmu/realsense-ros/install/realsense2_description:/home/sigmu/realsense-ros/install/realsense2_camera:/home/sigmu/realsense-ros/install/realsense2_camera_msgs:/home/sigmu/FRE24/install/yo-lo:/home/sigmu/FRE24/install/webots_ros2:/home/sigmu/FRE24/install/webots_ros2_universal_robot:/home/sigmu/FRE24/install/webots_ros2_turtlebot:/home/sigmu/FRE24/install/webots_ros2_tiago:/home/sigmu/FRE24/install/webots_ros2_tests:/home/sigmu/FRE24/install/webots_ros2_tesla:/home/sigmu/FRE24/install/webots_ros2_mavic:/home/sigmu/FRE24/install/webots_ros2_epuck:/home/sigmu/FRE24/install/webots_ros2_importer:/home/sigmu/FRE24/install/task4:/home/sigmu/FRE24/install/task3:/home/sigmu/FRE24/install/row_follower:/home/sigmu/FRE24/install/pose_subscriber:/home/sigmu/FRE24/install/fre_test:/home/sigmu/FRE24/install/fre_slam_task2:/home/sigmu/FRE24/install/fre_navigation:/home/sigmu/FRE24/install/fre_camera:/home/sigmu/FRE24/install/fre_api:/opt/ros/humble GZ_SIM_RESOURCE_PATH=/home/sigmu/master/src/vrx/vrx_urdf/install/wamv_description/share/wamv_description/models:/home/sigmu/master/src/vrx/vrx_urdf/install/vrx_gazebo/share/vrx_gazebo/models:/home/sigmu/master/src/vrx/vrx_urdf/install/vrx_gazebo/share:${GZ_SIM_RESOURCE_PATH} PYTHONPATH=/home/sigmu/master/src/vrx/vrx_urdf/install/vrx_gazebo/local/lib/python3.10/dist-packages:${PYTHONPATH} /usr/bin/cmake /home/sigmu/master/src/vrx/vrx_urdf/wamv_gazebo -DCMAKE_INSTALL_PREFIX=/home/sigmu/master/src/vrx/vrx_urdf/install/wamv_gazebo
[0.625s] Invoking command in '/home/sigmu/master/src/vrx/vrx_urdf/build/wamv_gazebo': AMENT_PREFIX_PATH=/home/sigmu/master/src/vrx/vrx_urdf/install/wamv_description:/home/sigmu/master/src/vrx/vrx_urdf/install/vrx_gazebo:${AMENT_PREFIX_PATH} CMAKE_PREFIX_PATH=/home/sigmu/master/src/vrx/vrx_urdf/install/wamv_description:/home/sigmu/master/src/vrx/vrx_urdf/install/vrx_gazebo:/home/sigmu/master/install/wamv_gazebo:/home/sigmu/master/install/wamv_description:/home/sigmu/master/install/vrx_gz:/home/sigmu/master/install/vrx_ros:/home/sigmu/master/install/vrx_gazebo:/home/sigmu/FRE24/install/webots_ros2_control:/home/sigmu/FRE24/install/webots_ros2_driver:/home/sigmu/FRE24/install/webots_ros2_msgs:/home/sigmu/FRE24/install/fre_custom_srv_msg:/home/sigmu/FRE24/install/action_pkg:/home/sigmu/realsense-ros/install/realsense2_description:/home/sigmu/realsense-ros/install/realsense2_camera:/home/sigmu/realsense-ros/install/realsense2_camera_msgs:/home/sigmu/FRE24/install/yo-lo:/home/sigmu/FRE24/install/webots_ros2:/home/sigmu/FRE24/install/webots_ros2_universal_robot:/home/sigmu/FRE24/install/webots_ros2_turtlebot:/home/sigmu/FRE24/install/webots_ros2_tiago:/home/sigmu/FRE24/install/webots_ros2_tests:/home/sigmu/FRE24/install/webots_ros2_tesla:/home/sigmu/FRE24/install/webots_ros2_mavic:/home/sigmu/FRE24/install/webots_ros2_epuck:/home/sigmu/FRE24/install/webots_ros2_importer:/home/sigmu/FRE24/install/task4:/home/sigmu/FRE24/install/task3:/home/sigmu/FRE24/install/row_follower:/home/sigmu/FRE24/install/pose_subscriber:/home/sigmu/FRE24/install/fre_test:/home/sigmu/FRE24/install/fre_slam_task2:/home/sigmu/FRE24/install/fre_navigation:/home/sigmu/FRE24/install/fre_camera:/home/sigmu/FRE24/install/fre_api:/opt/ros/humble GZ_SIM_RESOURCE_PATH=/home/sigmu/master/src/vrx/vrx_urdf/install/wamv_description/share/wamv_description/models:/home/sigmu/master/src/vrx/vrx_urdf/install/vrx_gazebo/share/vrx_gazebo/models:/home/sigmu/master/src/vrx/vrx_urdf/install/vrx_gazebo/share:${GZ_SIM_RESOURCE_PATH} PYTHONPATH=/home/sigmu/master/src/vrx/vrx_urdf/install/vrx_gazebo/local/lib/python3.10/dist-packages:${PYTHONPATH} /usr/bin/cmake --build /home/sigmu/master/src/vrx/vrx_urdf/build/wamv_gazebo -- -j16 -l16
[0.664s] Invoked command in '/home/sigmu/master/src/vrx/vrx_urdf/build/wamv_gazebo' returned '0': AMENT_PREFIX_PATH=/home/sigmu/master/src/vrx/vrx_urdf/install/wamv_description:/home/sigmu/master/src/vrx/vrx_urdf/install/vrx_gazebo:${AMENT_PREFIX_PATH} CMAKE_PREFIX_PATH=/home/sigmu/master/src/vrx/vrx_urdf/install/wamv_description:/home/sigmu/master/src/vrx/vrx_urdf/install/vrx_gazebo:/home/sigmu/master/install/wamv_gazebo:/home/sigmu/master/install/wamv_description:/home/sigmu/master/install/vrx_gz:/home/sigmu/master/install/vrx_ros:/home/sigmu/master/install/vrx_gazebo:/home/sigmu/FRE24/install/webots_ros2_control:/home/sigmu/FRE24/install/webots_ros2_driver:/home/sigmu/FRE24/install/webots_ros2_msgs:/home/sigmu/FRE24/install/fre_custom_srv_msg:/home/sigmu/FRE24/install/action_pkg:/home/sigmu/realsense-ros/install/realsense2_description:/home/sigmu/realsense-ros/install/realsense2_camera:/home/sigmu/realsense-ros/install/realsense2_camera_msgs:/home/sigmu/FRE24/install/yo-lo:/home/sigmu/FRE24/install/webots_ros2:/home/sigmu/FRE24/install/webots_ros2_universal_robot:/home/sigmu/FRE24/install/webots_ros2_turtlebot:/home/sigmu/FRE24/install/webots_ros2_tiago:/home/sigmu/FRE24/install/webots_ros2_tests:/home/sigmu/FRE24/install/webots_ros2_tesla:/home/sigmu/FRE24/install/webots_ros2_mavic:/home/sigmu/FRE24/install/webots_ros2_epuck:/home/sigmu/FRE24/install/webots_ros2_importer:/home/sigmu/FRE24/install/task4:/home/sigmu/FRE24/install/task3:/home/sigmu/FRE24/install/row_follower:/home/sigmu/FRE24/install/pose_subscriber:/home/sigmu/FRE24/install/fre_test:/home/sigmu/FRE24/install/fre_slam_task2:/home/sigmu/FRE24/install/fre_navigation:/home/sigmu/FRE24/install/fre_camera:/home/sigmu/FRE24/install/fre_api:/opt/ros/humble GZ_SIM_RESOURCE_PATH=/home/sigmu/master/src/vrx/vrx_urdf/install/wamv_description/share/wamv_description/models:/home/sigmu/master/src/vrx/vrx_urdf/install/vrx_gazebo/share/vrx_gazebo/models:/home/sigmu/master/src/vrx/vrx_urdf/install/vrx_gazebo/share:${GZ_SIM_RESOURCE_PATH} PYTHONPATH=/home/sigmu/master/src/vrx/vrx_urdf/install/vrx_gazebo/local/lib/python3.10/dist-packages:${PYTHONPATH} /usr/bin/cmake --build /home/sigmu/master/src/vrx/vrx_urdf/build/wamv_gazebo -- -j16 -l16
[0.666s] Invoking command in '/home/sigmu/master/src/vrx/vrx_urdf/build/wamv_gazebo': AMENT_PREFIX_PATH=/home/sigmu/master/src/vrx/vrx_urdf/install/wamv_description:/home/sigmu/master/src/vrx/vrx_urdf/install/vrx_gazebo:${AMENT_PREFIX_PATH} CMAKE_PREFIX_PATH=/home/sigmu/master/src/vrx/vrx_urdf/install/wamv_description:/home/sigmu/master/src/vrx/vrx_urdf/install/vrx_gazebo:/home/sigmu/master/install/wamv_gazebo:/home/sigmu/master/install/wamv_description:/home/sigmu/master/install/vrx_gz:/home/sigmu/master/install/vrx_ros:/home/sigmu/master/install/vrx_gazebo:/home/sigmu/FRE24/install/webots_ros2_control:/home/sigmu/FRE24/install/webots_ros2_driver:/home/sigmu/FRE24/install/webots_ros2_msgs:/home/sigmu/FRE24/install/fre_custom_srv_msg:/home/sigmu/FRE24/install/action_pkg:/home/sigmu/realsense-ros/install/realsense2_description:/home/sigmu/realsense-ros/install/realsense2_camera:/home/sigmu/realsense-ros/install/realsense2_camera_msgs:/home/sigmu/FRE24/install/yo-lo:/home/sigmu/FRE24/install/webots_ros2:/home/sigmu/FRE24/install/webots_ros2_universal_robot:/home/sigmu/FRE24/install/webots_ros2_turtlebot:/home/sigmu/FRE24/install/webots_ros2_tiago:/home/sigmu/FRE24/install/webots_ros2_tests:/home/sigmu/FRE24/install/webots_ros2_tesla:/home/sigmu/FRE24/install/webots_ros2_mavic:/home/sigmu/FRE24/install/webots_ros2_epuck:/home/sigmu/FRE24/install/webots_ros2_importer:/home/sigmu/FRE24/install/task4:/home/sigmu/FRE24/install/task3:/home/sigmu/FRE24/install/row_follower:/home/sigmu/FRE24/install/pose_subscriber:/home/sigmu/FRE24/install/fre_test:/home/sigmu/FRE24/install/fre_slam_task2:/home/sigmu/FRE24/install/fre_navigation:/home/sigmu/FRE24/install/fre_camera:/home/sigmu/FRE24/install/fre_api:/opt/ros/humble GZ_SIM_RESOURCE_PATH=/home/sigmu/master/src/vrx/vrx_urdf/install/wamv_description/share/wamv_description/models:/home/sigmu/master/src/vrx/vrx_urdf/install/vrx_gazebo/share/vrx_gazebo/models:/home/sigmu/master/src/vrx/vrx_urdf/install/vrx_gazebo/share:${GZ_SIM_RESOURCE_PATH} PYTHONPATH=/home/sigmu/master/src/vrx/vrx_urdf/install/vrx_gazebo/local/lib/python3.10/dist-packages:${PYTHONPATH} /usr/bin/cmake --install /home/sigmu/master/src/vrx/vrx_urdf/build/wamv_gazebo
[0.673s] -- Install configuration: ""
[0.673s] -- Installing: /home/sigmu/master/src/vrx/vrx_urdf/install/wamv_gazebo/share/wamv_gazebo/models
[0.673s] -- Installing: /home/sigmu/master/src/vrx/vrx_urdf/install/wamv_gazebo/share/wamv_gazebo/models/gps
[0.673s] -- Installing: /home/sigmu/master/src/vrx/vrx_urdf/install/wamv_gazebo/share/wamv_gazebo/models/gps/model.config
[0.674s] -- Installing: /home/sigmu/master/src/vrx/vrx_urdf/install/wamv_gazebo/share/wamv_gazebo/models/gps/mesh
[0.674s] -- Installing: /home/sigmu/master/src/vrx/vrx_urdf/install/wamv_gazebo/share/wamv_gazebo/models/gps/mesh/gps.png
[0.674s] -- Installing: /home/sigmu/master/src/vrx/vrx_urdf/install/wamv_gazebo/share/wamv_gazebo/models/gps/mesh/gps.dae
[0.674s] -- Installing: /home/sigmu/master/src/vrx/vrx_urdf/install/wamv_gazebo/share/wamv_gazebo/urdf
[0.675s] -- Installing: /home/sigmu/master/src/vrx/vrx_urdf/install/wamv_gazebo/share/wamv_gazebo/urdf/dynamics
[0.675s] -- Installing: /home/sigmu/master/src/vrx/vrx_urdf/install/wamv_gazebo/share/wamv_gazebo/urdf/dynamics/wamv_gazebo_dynamics_plugin.xacro
[0.675s] -- Installing: /home/sigmu/master/src/vrx/vrx_urdf/install/wamv_gazebo/share/wamv_gazebo/urdf/thruster_layouts
[0.675s] -- Installing: /home/sigmu/master/src/vrx/vrx_urdf/install/wamv_gazebo/share/wamv_gazebo/urdf/thruster_layouts/wamv_gazebo_thruster_config.xacro
[0.675s] -- Installing: /home/sigmu/master/src/vrx/vrx_urdf/install/wamv_gazebo/share/wamv_gazebo/urdf/thruster_layouts/wamv_x_thrusters.xacro
[0.675s] -- Installing: /home/sigmu/master/src/vrx/vrx_urdf/install/wamv_gazebo/share/wamv_gazebo/urdf/thruster_layouts/wamv_aft_thrusters.xacro
[0.675s] -- Installing: /home/sigmu/master/src/vrx/vrx_urdf/install/wamv_gazebo/share/wamv_gazebo/urdf/thruster_layouts/wamv_t_thrusters.xacro
[0.675s] -- Installing: /home/sigmu/master/src/vrx/vrx_urdf/install/wamv_gazebo/share/wamv_gazebo/urdf/components
[0.675s] -- Installing: /home/sigmu/master/src/vrx/vrx_urdf/install/wamv_gazebo/share/wamv_gazebo/urdf/components/ball_shooter.xacro
[0.676s] -- Installing: /home/sigmu/master/src/vrx/vrx_urdf/install/wamv_gazebo/share/wamv_gazebo/urdf/components/wamv_imu.xacro
[0.676s] -- Installing: /home/sigmu/master/src/vrx/vrx_urdf/install/wamv_gazebo/share/wamv_gazebo/urdf/components/wamv_camera.xacro
[0.676s] -- Installing: /home/sigmu/master/src/vrx/vrx_urdf/install/wamv_gazebo/share/wamv_gazebo/urdf/components/wamv_pinger.xacro
[0.676s] -- Installing: /home/sigmu/master/src/vrx/vrx_urdf/install/wamv_gazebo/share/wamv_gazebo/urdf/components/wamv_3d_lidar.xacro
[0.676s] -- Installing: /home/sigmu/master/src/vrx/vrx_urdf/install/wamv_gazebo/share/wamv_gazebo/urdf/components/lidar.xacro
[0.676s] -- Installing: /home/sigmu/master/src/vrx/vrx_urdf/install/wamv_gazebo/share/wamv_gazebo/urdf/components/wamv_gps.xacro
[0.676s] -- Installing: /home/sigmu/master/src/vrx/vrx_urdf/install/wamv_gazebo/share/wamv_gazebo/urdf/components/wamv_planar_lidar.xacro
[0.676s] -- Installing: /home/sigmu/master/src/vrx/vrx_urdf/install/wamv_gazebo/share/wamv_gazebo/urdf/components/wamv_p3d.xacro
[0.676s] -- Installing: /home/sigmu/master/src/vrx/vrx_urdf/install/wamv_gazebo/share/wamv_gazebo/urdf/wamv_gazebo.urdf.xacro
[0.677s] -- Installing: /home/sigmu/master/src/vrx/vrx_urdf/install/wamv_gazebo/share/wamv_gazebo/urdf/wamv_gazebo.xacro
[0.677s] -- Installing: /home/sigmu/master/src/vrx/vrx_urdf/install/wamv_gazebo/share/wamv_gazebo/urdf/macros.xacro
[0.677s] -- Installing: /home/sigmu/master/src/vrx/vrx_urdf/install/wamv_gazebo/share/ament_index/resource_index/package_run_dependencies/wamv_gazebo
[0.677s] -- Installing: /home/sigmu/master/src/vrx/vrx_urdf/install/wamv_gazebo/share/ament_index/resource_index/parent_prefix_path/wamv_gazebo
[0.677s] -- Installing: /home/sigmu/master/src/vrx/vrx_urdf/install/wamv_gazebo/share/wamv_gazebo/environment/ament_prefix_path.sh
[0.677s] -- Installing: /home/sigmu/master/src/vrx/vrx_urdf/install/wamv_gazebo/share/wamv_gazebo/environment/ament_prefix_path.dsv
[0.678s] -- Installing: /home/sigmu/master/src/vrx/vrx_urdf/install/wamv_gazebo/share/wamv_gazebo/environment/path.sh
[0.678s] -- Installing: /home/sigmu/master/src/vrx/vrx_urdf/install/wamv_gazebo/share/wamv_gazebo/environment/path.dsv
[0.678s] -- Installing: /home/sigmu/master/src/vrx/vrx_urdf/install/wamv_gazebo/share/wamv_gazebo/local_setup.bash
[0.678s] -- Installing: /home/sigmu/master/src/vrx/vrx_urdf/install/wamv_gazebo/share/wamv_gazebo/local_setup.sh
[0.678s] -- Installing: /home/sigmu/master/src/vrx/vrx_urdf/install/wamv_gazebo/share/wamv_gazebo/local_setup.zsh
[0.678s] -- Installing: /home/sigmu/master/src/vrx/vrx_urdf/install/wamv_gazebo/share/wamv_gazebo/local_setup.dsv
[0.678s] -- Installing: /home/sigmu/master/src/vrx/vrx_urdf/install/wamv_gazebo/share/wamv_gazebo/package.dsv
[0.679s] -- Installing: /home/sigmu/master/src/vrx/vrx_urdf/install/wamv_gazebo/share/ament_index/resource_index/packages/wamv_gazebo
[0.679s] -- Installing: /home/sigmu/master/src/vrx/vrx_urdf/install/wamv_gazebo/share/wamv_gazebo/cmake/wamv_gazeboConfig.cmake
[0.679s] -- Installing: /home/sigmu/master/src/vrx/vrx_urdf/install/wamv_gazebo/share/wamv_gazebo/cmake/wamv_gazeboConfig-version.cmake
[0.679s] -- Installing: /home/sigmu/master/src/vrx/vrx_urdf/install/wamv_gazebo/share/wamv_gazebo/package.xml
[0.681s] Invoked command in '/home/sigmu/master/src/vrx/vrx_urdf/build/wamv_gazebo' returned '0': AMENT_PREFIX_PATH=/home/sigmu/master/src/vrx/vrx_urdf/install/wamv_description:/home/sigmu/master/src/vrx/vrx_urdf/install/vrx_gazebo:${AMENT_PREFIX_PATH} CMAKE_PREFIX_PATH=/home/sigmu/master/src/vrx/vrx_urdf/install/wamv_description:/home/sigmu/master/src/vrx/vrx_urdf/install/vrx_gazebo:/home/sigmu/master/install/wamv_gazebo:/home/sigmu/master/install/wamv_description:/home/sigmu/master/install/vrx_gz:/home/sigmu/master/install/vrx_ros:/home/sigmu/master/install/vrx_gazebo:/home/sigmu/FRE24/install/webots_ros2_control:/home/sigmu/FRE24/install/webots_ros2_driver:/home/sigmu/FRE24/install/webots_ros2_msgs:/home/sigmu/FRE24/install/fre_custom_srv_msg:/home/sigmu/FRE24/install/action_pkg:/home/sigmu/realsense-ros/install/realsense2_description:/home/sigmu/realsense-ros/install/realsense2_camera:/home/sigmu/realsense-ros/install/realsense2_camera_msgs:/home/sigmu/FRE24/install/yo-lo:/home/sigmu/FRE24/install/webots_ros2:/home/sigmu/FRE24/install/webots_ros2_universal_robot:/home/sigmu/FRE24/install/webots_ros2_turtlebot:/home/sigmu/FRE24/install/webots_ros2_tiago:/home/sigmu/FRE24/install/webots_ros2_tests:/home/sigmu/FRE24/install/webots_ros2_tesla:/home/sigmu/FRE24/install/webots_ros2_mavic:/home/sigmu/FRE24/install/webots_ros2_epuck:/home/sigmu/FRE24/install/webots_ros2_importer:/home/sigmu/FRE24/install/task4:/home/sigmu/FRE24/install/task3:/home/sigmu/FRE24/install/row_follower:/home/sigmu/FRE24/install/pose_subscriber:/home/sigmu/FRE24/install/fre_test:/home/sigmu/FRE24/install/fre_slam_task2:/home/sigmu/FRE24/install/fre_navigation:/home/sigmu/FRE24/install/fre_camera:/home/sigmu/FRE24/install/fre_api:/opt/ros/humble GZ_SIM_RESOURCE_PATH=/home/sigmu/master/src/vrx/vrx_urdf/install/wamv_description/share/wamv_description/models:/home/sigmu/master/src/vrx/vrx_urdf/install/vrx_gazebo/share/vrx_gazebo/models:/home/sigmu/master/src/vrx/vrx_urdf/install/vrx_gazebo/share:${GZ_SIM_RESOURCE_PATH} PYTHONPATH=/home/sigmu/master/src/vrx/vrx_urdf/install/vrx_gazebo/local/lib/python3.10/dist-packages:${PYTHONPATH} /usr/bin/cmake --install /home/sigmu/master/src/vrx/vrx_urdf/build/wamv_gazebo
