[0.010s] Invoking command in '/home/sigmu/master/src/vrx/vrx_urdf/build/vrx_gz': AMENT_PREFIX_PATH=/home/sigmu/master/src/vrx/vrx_urdf/install/vrx_ros:${AMENT_PREFIX_PATH} CMAKE_PREFIX_PATH=/home/sigmu/master/src/vrx/vrx_urdf/install/vrx_ros:/home/sigmu/master/install/wamv_gazebo:/home/sigmu/master/install/wamv_description:/home/sigmu/master/install/vrx_gz:/home/sigmu/master/install/vrx_ros:/home/sigmu/master/install/vrx_gazebo:/home/sigmu/FRE24/install/webots_ros2_control:/home/sigmu/FRE24/install/webots_ros2_driver:/home/sigmu/FRE24/install/webots_ros2_msgs:/home/sigmu/FRE24/install/fre_custom_srv_msg:/home/sigmu/FRE24/install/action_pkg:/home/sigmu/realsense-ros/install/realsense2_description:/home/sigmu/realsense-ros/install/realsense2_camera:/home/sigmu/realsense-ros/install/realsense2_camera_msgs:/home/sigmu/FRE24/install/yo-lo:/home/sigmu/FRE24/install/webots_ros2:/home/sigmu/FRE24/install/webots_ros2_universal_robot:/home/sigmu/FRE24/install/webots_ros2_turtlebot:/home/sigmu/FRE24/install/webots_ros2_tiago:/home/sigmu/FRE24/install/webots_ros2_tests:/home/sigmu/FRE24/install/webots_ros2_tesla:/home/sigmu/FRE24/install/webots_ros2_mavic:/home/sigmu/FRE24/install/webots_ros2_epuck:/home/sigmu/FRE24/install/webots_ros2_importer:/home/sigmu/FRE24/install/task4:/home/sigmu/FRE24/install/task3:/home/sigmu/FRE24/install/row_follower:/home/sigmu/FRE24/install/pose_subscriber:/home/sigmu/FRE24/install/fre_test:/home/sigmu/FRE24/install/fre_slam_task2:/home/sigmu/FRE24/install/fre_navigation:/home/sigmu/FRE24/install/fre_camera:/home/sigmu/FRE24/install/fre_api:/opt/ros/humble /usr/bin/cmake --build /home/sigmu/master/src/vrx/vrx_urdf/build/vrx_gz -- -j16 -l16
[0.065s] [  8%] Built target ScoringPlugin
[0.065s] [  8%] Built target Waves
[0.079s] [  8%] Built target ament_cmake_python_copy_vrx_gz
[0.106s] [ 27%] Built target NavigationScoringPlugin
[0.107s] [ 27%] Built target AcousticTrackingScoringPlugin
[0.107s] [ 27%] Built target StationkeepingScoringPlugin
[0.107s] [ 31%] Built target BallShooterPlugin
[0.107s] [ 43%] Built target PerceptionScoringPlugin
[0.107s] [ 43%] Built target AcousticPingerPlugin
[0.107s] [ 45%] Built target GymkhanaScoringPlugin
[0.108s] [ 52%] Built target AcousticPerceptionScoringPlugin
[0.108s] [ 60%] Built target LightBuoyPlugin
[0.108s] [ 62%] Built target PublisherPlugin
[0.109s] [ 62%] Built target WayfindingScoringPlugin
[0.113s] [ 75%] Built target PlacardPlugin
[0.113s] [ 75%] Built target ScanDockScoringPlugin
[0.113s] [ 79%] Built target PolyhedraBuoyancyDrag
[0.114s] [ 83%] Built target Surface
[0.114s] [ 87%] Built target SimpleHydrodynamics
[0.134s] [ 95%] Built target WildlifeScoringPlugin
[0.135s] [ 95%] Built target WaveVisual
[0.135s] [100%] Built target USVWind
[0.365s] running egg_info
[0.366s] writing vrx_gz.egg-info/PKG-INFO
[0.366s] writing dependency_links to vrx_gz.egg-info/dependency_links.txt
[0.366s] writing top-level names to vrx_gz.egg-info/top_level.txt
[0.368s] reading manifest file 'vrx_gz.egg-info/SOURCES.txt'
[0.368s] writing manifest file 'vrx_gz.egg-info/SOURCES.txt'
[0.391s] [100%] Built target ament_cmake_python_build_vrx_gz_egg
[0.404s] Invoked command in '/home/sigmu/master/src/vrx/vrx_urdf/build/vrx_gz' returned '0': AMENT_PREFIX_PATH=/home/sigmu/master/src/vrx/vrx_urdf/install/vrx_ros:${AMENT_PREFIX_PATH} CMAKE_PREFIX_PATH=/home/sigmu/master/src/vrx/vrx_urdf/install/vrx_ros:/home/sigmu/master/install/wamv_gazebo:/home/sigmu/master/install/wamv_description:/home/sigmu/master/install/vrx_gz:/home/sigmu/master/install/vrx_ros:/home/sigmu/master/install/vrx_gazebo:/home/sigmu/FRE24/install/webots_ros2_control:/home/sigmu/FRE24/install/webots_ros2_driver:/home/sigmu/FRE24/install/webots_ros2_msgs:/home/sigmu/FRE24/install/fre_custom_srv_msg:/home/sigmu/FRE24/install/action_pkg:/home/sigmu/realsense-ros/install/realsense2_description:/home/sigmu/realsense-ros/install/realsense2_camera:/home/sigmu/realsense-ros/install/realsense2_camera_msgs:/home/sigmu/FRE24/install/yo-lo:/home/sigmu/FRE24/install/webots_ros2:/home/sigmu/FRE24/install/webots_ros2_universal_robot:/home/sigmu/FRE24/install/webots_ros2_turtlebot:/home/sigmu/FRE24/install/webots_ros2_tiago:/home/sigmu/FRE24/install/webots_ros2_tests:/home/sigmu/FRE24/install/webots_ros2_tesla:/home/sigmu/FRE24/install/webots_ros2_mavic:/home/sigmu/FRE24/install/webots_ros2_epuck:/home/sigmu/FRE24/install/webots_ros2_importer:/home/sigmu/FRE24/install/task4:/home/sigmu/FRE24/install/task3:/home/sigmu/FRE24/install/row_follower:/home/sigmu/FRE24/install/pose_subscriber:/home/sigmu/FRE24/install/fre_test:/home/sigmu/FRE24/install/fre_slam_task2:/home/sigmu/FRE24/install/fre_navigation:/home/sigmu/FRE24/install/fre_camera:/home/sigmu/FRE24/install/fre_api:/opt/ros/humble /usr/bin/cmake --build /home/sigmu/master/src/vrx/vrx_urdf/build/vrx_gz -- -j16 -l16
[0.405s] Invoking command in '/home/sigmu/master/src/vrx/vrx_urdf/build/vrx_gz': AMENT_PREFIX_PATH=/home/sigmu/master/src/vrx/vrx_urdf/install/vrx_ros:${AMENT_PREFIX_PATH} CMAKE_PREFIX_PATH=/home/sigmu/master/src/vrx/vrx_urdf/install/vrx_ros:/home/sigmu/master/install/wamv_gazebo:/home/sigmu/master/install/wamv_description:/home/sigmu/master/install/vrx_gz:/home/sigmu/master/install/vrx_ros:/home/sigmu/master/install/vrx_gazebo:/home/sigmu/FRE24/install/webots_ros2_control:/home/sigmu/FRE24/install/webots_ros2_driver:/home/sigmu/FRE24/install/webots_ros2_msgs:/home/sigmu/FRE24/install/fre_custom_srv_msg:/home/sigmu/FRE24/install/action_pkg:/home/sigmu/realsense-ros/install/realsense2_description:/home/sigmu/realsense-ros/install/realsense2_camera:/home/sigmu/realsense-ros/install/realsense2_camera_msgs:/home/sigmu/FRE24/install/yo-lo:/home/sigmu/FRE24/install/webots_ros2:/home/sigmu/FRE24/install/webots_ros2_universal_robot:/home/sigmu/FRE24/install/webots_ros2_turtlebot:/home/sigmu/FRE24/install/webots_ros2_tiago:/home/sigmu/FRE24/install/webots_ros2_tests:/home/sigmu/FRE24/install/webots_ros2_tesla:/home/sigmu/FRE24/install/webots_ros2_mavic:/home/sigmu/FRE24/install/webots_ros2_epuck:/home/sigmu/FRE24/install/webots_ros2_importer:/home/sigmu/FRE24/install/task4:/home/sigmu/FRE24/install/task3:/home/sigmu/FRE24/install/row_follower:/home/sigmu/FRE24/install/pose_subscriber:/home/sigmu/FRE24/install/fre_test:/home/sigmu/FRE24/install/fre_slam_task2:/home/sigmu/FRE24/install/fre_navigation:/home/sigmu/FRE24/install/fre_camera:/home/sigmu/FRE24/install/fre_api:/opt/ros/humble /usr/bin/cmake --install /home/sigmu/master/src/vrx/vrx_urdf/build/vrx_gz
[0.413s] -- Install configuration: ""
[0.413s] -- Up-to-date: /home/sigmu/master/src/vrx/vrx_urdf/install/vrx_gz/share/vrx_gz/environment/resource_paths.dsv
[0.413s] -- Up-to-date: /home/sigmu/master/src/vrx/vrx_urdf/install/vrx_gz/share/vrx_gz/environment/resource_paths.sh
[0.413s] -- Up-to-date: /home/sigmu/master/src/vrx/vrx_urdf/install/vrx_gz/lib/libWaves.so
[0.413s] -- Up-to-date: /home/sigmu/master/src/vrx/vrx_urdf/install/vrx_gz/lib/libPolyhedraBuoyancyDrag.so
[0.413s] -- Up-to-date: /home/sigmu/master/src/vrx/vrx_urdf/install/vrx_gz/lib/libScoringPlugin.so
[0.414s] -- Up-to-date: /home/sigmu/master/src/vrx/vrx_urdf/install/vrx_gz/lib/libStationkeepingScoringPlugin.so
[0.414s] -- Up-to-date: /home/sigmu/master/src/vrx/vrx_urdf/install/vrx_gz/lib/libWayfindingScoringPlugin.so
[0.414s] -- Up-to-date: /home/sigmu/master/src/vrx/vrx_urdf/install/vrx_gz/lib/libAcousticPerceptionScoringPlugin.so
[0.414s] -- Up-to-date: /home/sigmu/master/src/vrx/vrx_urdf/install/vrx_gz/lib/libAcousticTrackingScoringPlugin.so
[0.414s] -- Up-to-date: /home/sigmu/master/src/vrx/vrx_urdf/install/vrx_gz/lib/libAcousticPingerPlugin.so
[0.415s] -- Up-to-date: /home/sigmu/master/src/vrx/vrx_urdf/install/vrx_gz/lib/libBallShooterPlugin.so
[0.415s] -- Up-to-date: /home/sigmu/master/src/vrx/vrx_urdf/install/vrx_gz/lib/libLightBuoyPlugin.so
[0.415s] -- Up-to-date: /home/sigmu/master/src/vrx/vrx_urdf/install/vrx_gz/lib/libNavigationScoringPlugin.so
[0.415s] -- Up-to-date: /home/sigmu/master/src/vrx/vrx_urdf/install/vrx_gz/lib/libGymkhanaScoringPlugin.so
[0.415s] -- Up-to-date: /home/sigmu/master/src/vrx/vrx_urdf/install/vrx_gz/lib/libPerceptionScoringPlugin.so
[0.416s] -- Up-to-date: /home/sigmu/master/src/vrx/vrx_urdf/install/vrx_gz/lib/libPlacardPlugin.so
[0.416s] -- Up-to-date: /home/sigmu/master/src/vrx/vrx_urdf/install/vrx_gz/lib/libPublisherPlugin.so
[0.416s] -- Up-to-date: /home/sigmu/master/src/vrx/vrx_urdf/install/vrx_gz/lib/libScanDockScoringPlugin.so
[0.417s] -- Up-to-date: /home/sigmu/master/src/vrx/vrx_urdf/install/vrx_gz/lib/libSimpleHydrodynamics.so
[0.417s] -- Up-to-date: /home/sigmu/master/src/vrx/vrx_urdf/install/vrx_gz/lib/libSurface.so
[0.417s] -- Up-to-date: /home/sigmu/master/src/vrx/vrx_urdf/install/vrx_gz/lib/libUSVWind.so
[0.417s] -- Up-to-date: /home/sigmu/master/src/vrx/vrx_urdf/install/vrx_gz/lib/libWaveVisual.so
[0.417s] -- Up-to-date: /home/sigmu/master/src/vrx/vrx_urdf/install/vrx_gz/lib/libWildlifeScoringPlugin.so
[0.418s] -- Up-to-date: /home/sigmu/master/src/vrx/vrx_urdf/install/vrx_gz/share/vrx_gz/environment/pythonpath.sh
[0.418s] -- Up-to-date: /home/sigmu/master/src/vrx/vrx_urdf/install/vrx_gz/share/vrx_gz/environment/pythonpath.dsv
[0.418s] -- Up-to-date: /home/sigmu/master/src/vrx/vrx_urdf/install/vrx_gz/local/lib/python3.10/dist-packages/vrx_gz-0.0.0-py3.10.egg-info
[0.418s] -- Installing: /home/sigmu/master/src/vrx/vrx_urdf/install/vrx_gz/local/lib/python3.10/dist-packages/vrx_gz-0.0.0-py3.10.egg-info/dependency_links.txt
[0.418s] -- Installing: /home/sigmu/master/src/vrx/vrx_urdf/install/vrx_gz/local/lib/python3.10/dist-packages/vrx_gz-0.0.0-py3.10.egg-info/top_level.txt
[0.418s] -- Installing: /home/sigmu/master/src/vrx/vrx_urdf/install/vrx_gz/local/lib/python3.10/dist-packages/vrx_gz-0.0.0-py3.10.egg-info/SOURCES.txt
[0.418s] -- Installing: /home/sigmu/master/src/vrx/vrx_urdf/install/vrx_gz/local/lib/python3.10/dist-packages/vrx_gz-0.0.0-py3.10.egg-info/PKG-INFO
[0.418s] -- Up-to-date: /home/sigmu/master/src/vrx/vrx_urdf/install/vrx_gz/local/lib/python3.10/dist-packages/vrx_gz
[0.419s] -- Up-to-date: /home/sigmu/master/src/vrx/vrx_urdf/install/vrx_gz/local/lib/python3.10/dist-packages/vrx_gz/bridge.py
[0.419s] -- Up-to-date: /home/sigmu/master/src/vrx/vrx_urdf/install/vrx_gz/local/lib/python3.10/dist-packages/vrx_gz/launch.py
[0.419s] -- Up-to-date: /home/sigmu/master/src/vrx/vrx_urdf/install/vrx_gz/local/lib/python3.10/dist-packages/vrx_gz/model.py
[0.420s] -- Up-to-date: /home/sigmu/master/src/vrx/vrx_urdf/install/vrx_gz/local/lib/python3.10/dist-packages/vrx_gz/bridges.py
[0.420s] -- Up-to-date: /home/sigmu/master/src/vrx/vrx_urdf/install/vrx_gz/local/lib/python3.10/dist-packages/vrx_gz/__init__.py
[0.420s] -- Up-to-date: /home/sigmu/master/src/vrx/vrx_urdf/install/vrx_gz/local/lib/python3.10/dist-packages/vrx_gz/payload_bridges.py
[0.452s] Listing '/home/sigmu/master/src/vrx/vrx_urdf/install/vrx_gz/local/lib/python3.10/dist-packages/vrx_gz'...
[0.456s] -- Up-to-date: /home/sigmu/master/src/vrx/vrx_urdf/install/vrx_gz/share/vrx_gz/config
[0.456s] -- Up-to-date: /home/sigmu/master/src/vrx/vrx_urdf/install/vrx_gz/share/vrx_gz/config/roboboat.yaml
[0.456s] -- Up-to-date: /home/sigmu/master/src/vrx/vrx_urdf/install/vrx_gz/share/vrx_gz/config/wamv.yaml
[0.456s] -- Up-to-date: /home/sigmu/master/src/vrx/vrx_urdf/install/vrx_gz/share/vrx_gz/launch
[0.456s] -- Up-to-date: /home/sigmu/master/src/vrx/vrx_urdf/install/vrx_gz/share/vrx_gz/launch/spawn.launch.py
[0.456s] -- Up-to-date: /home/sigmu/master/src/vrx/vrx_urdf/install/vrx_gz/share/vrx_gz/launch/competition.launch.py
[0.456s] -- Up-to-date: /home/sigmu/master/src/vrx/vrx_urdf/install/vrx_gz/share/vrx_gz/launch/vrx_environment.launch.py
[0.456s] -- Up-to-date: /home/sigmu/master/src/vrx/vrx_urdf/install/vrx_gz/share/vrx_gz/launch/spawn_config.launch.py
[0.456s] -- Installing: /home/sigmu/master/src/vrx/vrx_urdf/install/vrx_gz/share/vrx_gz/launch/simple.launch.py
[0.456s] -- Up-to-date: /home/sigmu/master/src/vrx/vrx_urdf/install/vrx_gz/share/vrx_gz/launch/usv_joy_teleop.py
[0.457s] -- Up-to-date: /home/sigmu/master/src/vrx/vrx_urdf/install/vrx_gz/share/vrx_gz/models
[0.457s] -- Up-to-date: /home/sigmu/master/src/vrx/vrx_urdf/install/vrx_gz/share/vrx_gz/models/short_navigation_course_2
[0.457s] -- Up-to-date: /home/sigmu/master/src/vrx/vrx_urdf/install/vrx_gz/share/vrx_gz/models/short_navigation_course_2/model.sdf
[0.457s] -- Up-to-date: /home/sigmu/master/src/vrx/vrx_urdf/install/vrx_gz/share/vrx_gz/models/short_navigation_course_2/model.config
[0.457s] -- Up-to-date: /home/sigmu/master/src/vrx/vrx_urdf/install/vrx_gz/share/vrx_gz/models/robotx_light_buoy_ybr
[0.457s] -- Up-to-date: /home/sigmu/master/src/vrx/vrx_urdf/install/vrx_gz/share/vrx_gz/models/robotx_light_buoy_ybr/model.sdf
[0.457s] -- Up-to-date: /home/sigmu/master/src/vrx/vrx_urdf/install/vrx_gz/share/vrx_gz/models/robotx_light_buoy_ybr/model.config
[0.457s] -- Up-to-date: /home/sigmu/master/src/vrx/vrx_urdf/install/vrx_gz/share/vrx_gz/models/dock_2022
[0.457s] -- Up-to-date: /home/sigmu/master/src/vrx/vrx_urdf/install/vrx_gz/share/vrx_gz/models/dock_2022/model.sdf
[0.457s] -- Up-to-date: /home/sigmu/master/src/vrx/vrx_urdf/install/vrx_gz/share/vrx_gz/models/dock_2022/model.config
[0.457s] -- Up-to-date: /home/sigmu/master/src/vrx/vrx_urdf/install/vrx_gz/share/vrx_gz/models/dock_block_4x4
[0.457s] -- Up-to-date: /home/sigmu/master/src/vrx/vrx_urdf/install/vrx_gz/share/vrx_gz/models/dock_block_4x4/model.sdf
[0.458s] -- Up-to-date: /home/sigmu/master/src/vrx/vrx_urdf/install/vrx_gz/share/vrx_gz/models/dock_block_4x4/model.config
[0.458s] -- Up-to-date: /home/sigmu/master/src/vrx/vrx_urdf/install/vrx_gz/share/vrx_gz/models/dock_block_4x4/mesh
[0.458s] -- Up-to-date: /home/sigmu/master/src/vrx/vrx_urdf/install/vrx_gz/share/vrx_gz/models/dock_block_4x4/mesh/DockCubes_Normal.png
[0.458s] -- Up-to-date: /home/sigmu/master/src/vrx/vrx_urdf/install/vrx_gz/share/vrx_gz/models/dock_block_4x4/mesh/dock_block_4x4.dae
[0.458s] -- Up-to-date: /home/sigmu/master/src/vrx/vrx_urdf/install/vrx_gz/share/vrx_gz/models/dock_block_4x4/mesh/DockCubes_Albedo.png
[0.458s] -- Up-to-date: /home/sigmu/master/src/vrx/vrx_urdf/install/vrx_gz/share/vrx_gz/models/dock_block_4x4/mesh/DockCubes_Metalness.png
[0.458s] -- Up-to-date: /home/sigmu/master/src/vrx/vrx_urdf/install/vrx_gz/share/vrx_gz/models/dock_block_4x4/mesh/DockCubes_Roughness.png
[0.458s] -- Up-to-date: /home/sigmu/master/src/vrx/vrx_urdf/install/vrx_gz/share/vrx_gz/models/short_navigation_course_4
[0.458s] -- Up-to-date: /home/sigmu/master/src/vrx/vrx_urdf/install/vrx_gz/share/vrx_gz/models/short_navigation_course_4/model.sdf
[0.458s] -- Up-to-date: /home/sigmu/master/src/vrx/vrx_urdf/install/vrx_gz/share/vrx_gz/models/short_navigation_course_4/model.config
[0.458s] -- Up-to-date: /home/sigmu/master/src/vrx/vrx_urdf/install/vrx_gz/share/vrx_gz/models/short_course_2023_phase3_2
[0.458s] -- Up-to-date: /home/sigmu/master/src/vrx/vrx_urdf/install/vrx_gz/share/vrx_gz/models/short_course_2023_phase3_2/model.sdf
[0.458s] -- Up-to-date: /home/sigmu/master/src/vrx/vrx_urdf/install/vrx_gz/share/vrx_gz/models/short_course_2023_phase3_2/model.config
[0.458s] -- Up-to-date: /home/sigmu/master/src/vrx/vrx_urdf/install/vrx_gz/share/vrx_gz/models/roboboat02
[0.458s] -- Up-to-date: /home/sigmu/master/src/vrx/vrx_urdf/install/vrx_gz/share/vrx_gz/models/roboboat02/model.sdf
[0.459s] -- Up-to-date: /home/sigmu/master/src/vrx/vrx_urdf/install/vrx_gz/share/vrx_gz/models/roboboat02/meshes
[0.459s] -- Up-to-date: /home/sigmu/master/src/vrx/vrx_urdf/install/vrx_gz/share/vrx_gz/models/roboboat02/meshes/roboboat02.dae
[0.459s] -- Up-to-date: /home/sigmu/master/src/vrx/vrx_urdf/install/vrx_gz/share/vrx_gz/models/roboboat02/materials
[0.459s] -- Up-to-date: /home/sigmu/master/src/vrx/vrx_urdf/install/vrx_gz/share/vrx_gz/models/roboboat02/materials/textures
[0.459s] -- Up-to-date: /home/sigmu/master/src/vrx/vrx_urdf/install/vrx_gz/share/vrx_gz/models/roboboat02/materials/textures/Boat02_Roughness.png
[0.459s] -- Up-to-date: /home/sigmu/master/src/vrx/vrx_urdf/install/vrx_gz/share/vrx_gz/models/roboboat02/materials/textures/Boat02_Metallic.png
[0.459s] -- Up-to-date: /home/sigmu/master/src/vrx/vrx_urdf/install/vrx_gz/share/vrx_gz/models/roboboat02/materials/textures/Boat02_Albedo.png
[0.459s] -- Up-to-date: /home/sigmu/master/src/vrx/vrx_urdf/install/vrx_gz/share/vrx_gz/models/roboboat02/materials/textures/Boat02_Normal.png
[0.459s] -- Up-to-date: /home/sigmu/master/src/vrx/vrx_urdf/install/vrx_gz/share/vrx_gz/models/roboboat02/materials/scripts
[0.459s] -- Up-to-date: /home/sigmu/master/src/vrx/vrx_urdf/install/vrx_gz/share/vrx_gz/models/roboboat02/materials/scripts/model.material
[0.459s] -- Up-to-date: /home/sigmu/master/src/vrx/vrx_urdf/install/vrx_gz/share/vrx_gz/models/roboboat02/model.config
[0.459s] -- Up-to-date: /home/sigmu/master/src/vrx/vrx_urdf/install/vrx_gz/share/vrx_gz/models/robotx_light_buoy_bgy
[0.459s] -- Up-to-date: /home/sigmu/master/src/vrx/vrx_urdf/install/vrx_gz/share/vrx_gz/models/robotx_light_buoy_bgy/model.sdf
[0.459s] -- Up-to-date: /home/sigmu/master/src/vrx/vrx_urdf/install/vrx_gz/share/vrx_gz/models/robotx_light_buoy_bgy/model.config
[0.460s] -- Up-to-date: /home/sigmu/master/src/vrx/vrx_urdf/install/vrx_gz/share/vrx_gz/models/coast_waves
[0.460s] -- Up-to-date: /home/sigmu/master/src/vrx/vrx_urdf/install/vrx_gz/share/vrx_gz/models/coast_waves/model.sdf
[0.460s] -- Up-to-date: /home/sigmu/master/src/vrx/vrx_urdf/install/vrx_gz/share/vrx_gz/models/coast_waves/meshes
[0.460s] -- Up-to-date: /home/sigmu/master/src/vrx/vrx_urdf/install/vrx_gz/share/vrx_gz/models/coast_waves/meshes/waterlow.dae
[0.460s] -- Up-to-date: /home/sigmu/master/src/vrx/vrx_urdf/install/vrx_gz/share/vrx_gz/models/coast_waves/materials
[0.460s] -- Up-to-date: /home/sigmu/master/src/vrx/vrx_urdf/install/vrx_gz/share/vrx_gz/models/coast_waves/materials/textures
[0.460s] -- Up-to-date: /home/sigmu/master/src/vrx/vrx_urdf/install/vrx_gz/share/vrx_gz/models/coast_waves/materials/textures/wave_normals.dds
[0.460s] -- Up-to-date: /home/sigmu/master/src/vrx/vrx_urdf/install/vrx_gz/share/vrx_gz/models/coast_waves/materials/textures/skybox_lowres.dds
[0.460s] -- Up-to-date: /home/sigmu/master/src/vrx/vrx_urdf/install/vrx_gz/share/vrx_gz/models/coast_waves/materials/programs
[0.460s] -- Up-to-date: /home/sigmu/master/src/vrx/vrx_urdf/install/vrx_gz/share/vrx_gz/models/coast_waves/materials/programs/GerstnerWaves_vs_330.glsl
[0.460s] -- Up-to-date: /home/sigmu/master/src/vrx/vrx_urdf/install/vrx_gz/share/vrx_gz/models/coast_waves/materials/programs/GerstnerWaves_fs_330.glsl
[0.460s] -- Up-to-date: /home/sigmu/master/src/vrx/vrx_urdf/install/vrx_gz/share/vrx_gz/models/coast_waves/model.config
[0.460s] -- Up-to-date: /home/sigmu/master/src/vrx/vrx_urdf/install/vrx_gz/share/vrx_gz/models/platform
[0.461s] -- Up-to-date: /home/sigmu/master/src/vrx/vrx_urdf/install/vrx_gz/share/vrx_gz/models/platform/model.sdf
[0.461s] -- Up-to-date: /home/sigmu/master/src/vrx/vrx_urdf/install/vrx_gz/share/vrx_gz/models/platform/model.config
[0.461s] -- Up-to-date: /home/sigmu/master/src/vrx/vrx_urdf/install/vrx_gz/share/vrx_gz/models/placard_2022
[0.461s] -- Up-to-date: /home/sigmu/master/src/vrx/vrx_urdf/install/vrx_gz/share/vrx_gz/models/placard_2022/model.sdf
[0.461s] -- Up-to-date: /home/sigmu/master/src/vrx/vrx_urdf/install/vrx_gz/share/vrx_gz/models/placard_2022/meshes
[0.461s] -- Up-to-date: /home/sigmu/master/src/vrx/vrx_urdf/install/vrx_gz/share/vrx_gz/models/placard_2022/meshes/placard_2022.dae
[0.461s] -- Up-to-date: /home/sigmu/master/src/vrx/vrx_urdf/install/vrx_gz/share/vrx_gz/models/placard_2022/materials
[0.461s] -- Up-to-date: /home/sigmu/master/src/vrx/vrx_urdf/install/vrx_gz/share/vrx_gz/models/placard_2022/materials/textures
[0.461s] -- Up-to-date: /home/sigmu/master/src/vrx/vrx_urdf/install/vrx_gz/share/vrx_gz/models/placard_2022/materials/textures/Placard.png
[0.461s] -- Up-to-date: /home/sigmu/master/src/vrx/vrx_urdf/install/vrx_gz/share/vrx_gz/models/placard_2022/model.config
[0.461s] -- Up-to-date: /home/sigmu/master/src/vrx/vrx_urdf/install/vrx_gz/share/vrx_gz/models/short_navigation_course_1
[0.461s] -- Up-to-date: /home/sigmu/master/src/vrx/vrx_urdf/install/vrx_gz/share/vrx_gz/models/short_navigation_course_1/model.sdf
[0.461s] -- Up-to-date: /home/sigmu/master/src/vrx/vrx_urdf/install/vrx_gz/share/vrx_gz/models/short_navigation_course_1/model.config
[0.461s] -- Up-to-date: /home/sigmu/master/src/vrx/vrx_urdf/install/vrx_gz/share/vrx_gz/models/robotx_light_buoy_ygb
[0.461s] -- Up-to-date: /home/sigmu/master/src/vrx/vrx_urdf/install/vrx_gz/share/vrx_gz/models/robotx_light_buoy_ygb/model.sdf
[0.461s] -- Up-to-date: /home/sigmu/master/src/vrx/vrx_urdf/install/vrx_gz/share/vrx_gz/models/robotx_light_buoy_ygb/model.config
[0.461s] -- Up-to-date: /home/sigmu/master/src/vrx/vrx_urdf/install/vrx_gz/share/vrx_gz/models/robotx_light_buoy_yrg
[0.462s] -- Up-to-date: /home/sigmu/master/src/vrx/vrx_urdf/install/vrx_gz/share/vrx_gz/models/robotx_light_buoy_yrg/model.sdf
[0.462s] -- Up-to-date: /home/sigmu/master/src/vrx/vrx_urdf/install/vrx_gz/share/vrx_gz/models/robotx_light_buoy_yrg/model.config
[0.462s] -- Up-to-date: /home/sigmu/master/src/vrx/vrx_urdf/install/vrx_gz/share/vrx_gz/models/entrance_exit
[0.462s] -- Up-to-date: /home/sigmu/master/src/vrx/vrx_urdf/install/vrx_gz/share/vrx_gz/models/entrance_exit/model.sdf
[0.462s] -- Up-to-date: /home/sigmu/master/src/vrx/vrx_urdf/install/vrx_gz/share/vrx_gz/models/entrance_exit/model.config
[0.462s] -- Up-to-date: /home/sigmu/master/src/vrx/vrx_urdf/install/vrx_gz/share/vrx_gz/models/obstacle_course
[0.462s] -- Up-to-date: /home/sigmu/master/src/vrx/vrx_urdf/install/vrx_gz/share/vrx_gz/models/obstacle_course/model.sdf
[0.462s] -- Up-to-date: /home/sigmu/master/src/vrx/vrx_urdf/install/vrx_gz/share/vrx_gz/models/obstacle_course/model.config
[0.462s] -- Up-to-date: /home/sigmu/master/src/vrx/vrx_urdf/install/vrx_gz/share/vrx_gz/models/roboboat01
[0.462s] -- Up-to-date: /home/sigmu/master/src/vrx/vrx_urdf/install/vrx_gz/share/vrx_gz/models/roboboat01/model.sdf
[0.462s] -- Up-to-date: /home/sigmu/master/src/vrx/vrx_urdf/install/vrx_gz/share/vrx_gz/models/roboboat01/meshes
[0.462s] -- Up-to-date: /home/sigmu/master/src/vrx/vrx_urdf/install/vrx_gz/share/vrx_gz/models/roboboat01/meshes/housing.dae
[0.462s] -- Up-to-date: /home/sigmu/master/src/vrx/vrx_urdf/install/vrx_gz/share/vrx_gz/models/roboboat01/meshes/mount.dae
[0.462s] -- Up-to-date: /home/sigmu/master/src/vrx/vrx_urdf/install/vrx_gz/share/vrx_gz/models/roboboat01/meshes/roboboat01.dae
[0.462s] -- Up-to-date: /home/sigmu/master/src/vrx/vrx_urdf/install/vrx_gz/share/vrx_gz/models/roboboat01/meshes/prop.dae
[0.462s] -- Up-to-date: /home/sigmu/master/src/vrx/vrx_urdf/install/vrx_gz/share/vrx_gz/models/roboboat01/materials
[0.462s] -- Up-to-date: /home/sigmu/master/src/vrx/vrx_urdf/install/vrx_gz/share/vrx_gz/models/roboboat01/materials/textures
[0.462s] -- Up-to-date: /home/sigmu/master/src/vrx/vrx_urdf/install/vrx_gz/share/vrx_gz/models/roboboat01/materials/textures/Thruster_Roughness.png
[0.462s] -- Up-to-date: /home/sigmu/master/src/vrx/vrx_urdf/install/vrx_gz/share/vrx_gz/models/roboboat01/materials/textures/Boat01_Albedo.png
[0.462s] -- Up-to-date: /home/sigmu/master/src/vrx/vrx_urdf/install/vrx_gz/share/vrx_gz/models/roboboat01/materials/textures/Boat01_Roughness.png
[0.462s] -- Up-to-date: /home/sigmu/master/src/vrx/vrx_urdf/install/vrx_gz/share/vrx_gz/models/roboboat01/materials/textures/Boat01_Metallic.png
[0.463s] -- Up-to-date: /home/sigmu/master/src/vrx/vrx_urdf/install/vrx_gz/share/vrx_gz/models/roboboat01/materials/textures/Boat01_Normal.png
[0.463s] -- Up-to-date: /home/sigmu/master/src/vrx/vrx_urdf/install/vrx_gz/share/vrx_gz/models/roboboat01/materials/textures/Thruster_Albedo.png
[0.463s] -- Up-to-date: /home/sigmu/master/src/vrx/vrx_urdf/install/vrx_gz/share/vrx_gz/models/roboboat01/materials/scripts
[0.463s] -- Up-to-date: /home/sigmu/master/src/vrx/vrx_urdf/install/vrx_gz/share/vrx_gz/models/roboboat01/materials/scripts/model.material
[0.463s] -- Up-to-date: /home/sigmu/master/src/vrx/vrx_urdf/install/vrx_gz/share/vrx_gz/models/roboboat01/model.config
[0.463s] -- Up-to-date: /home/sigmu/master/src/vrx/vrx_urdf/install/vrx_gz/share/vrx_gz/models/robotx_light_buoy_bgr
[0.463s] -- Up-to-date: /home/sigmu/master/src/vrx/vrx_urdf/install/vrx_gz/share/vrx_gz/models/robotx_light_buoy_bgr/model.sdf
[0.463s] -- Up-to-date: /home/sigmu/master/src/vrx/vrx_urdf/install/vrx_gz/share/vrx_gz/models/robotx_light_buoy_bgr/model.config
[0.464s] -- Up-to-date: /home/sigmu/master/src/vrx/vrx_urdf/install/vrx_gz/share/vrx_gz/models/short_navigation_course_3
[0.464s] -- Up-to-date: /home/sigmu/master/src/vrx/vrx_urdf/install/vrx_gz/share/vrx_gz/models/short_navigation_course_3/model.sdf
[0.464s] -- Up-to-date: /home/sigmu/master/src/vrx/vrx_urdf/install/vrx_gz/share/vrx_gz/models/short_navigation_course_3/model.config
[0.464s] -- Up-to-date: /home/sigmu/master/src/vrx/vrx_urdf/install/vrx_gz/share/vrx_gz/models/articulated_platform
[0.464s] -- Up-to-date: /home/sigmu/master/src/vrx/vrx_urdf/install/vrx_gz/share/vrx_gz/models/articulated_platform/model.sdf
[0.465s] -- Up-to-date: /home/sigmu/master/src/vrx/vrx_urdf/install/vrx_gz/share/vrx_gz/models/articulated_platform/model.config
[0.465s] -- Up-to-date: /home/sigmu/master/src/vrx/vrx_urdf/install/vrx_gz/share/vrx_gz/models/robotx_light_buoy_rgb
[0.465s] -- Up-to-date: /home/sigmu/master/src/vrx/vrx_urdf/install/vrx_gz/share/vrx_gz/models/robotx_light_buoy_rgb/model.sdf
[0.465s] -- Up-to-date: /home/sigmu/master/src/vrx/vrx_urdf/install/vrx_gz/share/vrx_gz/models/robotx_light_buoy_rgb/model.config
[0.465s] -- Up-to-date: /home/sigmu/master/src/vrx/vrx_urdf/install/vrx_gz/share/vrx_gz/models/robotx_light_buoy_rgb/mesh
[0.465s] -- Up-to-date: /home/sigmu/master/src/vrx/vrx_urdf/install/vrx_gz/share/vrx_gz/models/robotx_light_buoy_rgb/mesh/LightTower_Metalness.png
[0.465s] -- Up-to-date: /home/sigmu/master/src/vrx/vrx_urdf/install/vrx_gz/share/vrx_gz/models/robotx_light_buoy_rgb/mesh/robotx_light_buoy.dae
[0.465s] -- Up-to-date: /home/sigmu/master/src/vrx/vrx_urdf/install/vrx_gz/share/vrx_gz/models/robotx_light_buoy_rgb/mesh/LightTower_Albedo.png
[0.465s] -- Up-to-date: /home/sigmu/master/src/vrx/vrx_urdf/install/vrx_gz/share/vrx_gz/models/robotx_light_buoy_rgb/mesh/LightTower_Roughness.png
[0.465s] -- Up-to-date: /home/sigmu/master/src/vrx/vrx_urdf/install/vrx_gz/share/vrx_gz/models/robotx_light_buoy_rgb/mesh/LightTower_Normal.png
[0.465s] -- Up-to-date: /home/sigmu/master/src/vrx/vrx_urdf/install/vrx_gz/share/vrx_gz/models/robotx_light_buoy_rgb/mesh/LightTower_Opacity.png
[0.466s] -- Up-to-date: /home/sigmu/master/src/vrx/vrx_urdf/install/vrx_gz/share/vrx_gz/models/short_navigation_course_5
[0.466s] -- Up-to-date: /home/sigmu/master/src/vrx/vrx_urdf/install/vrx_gz/share/vrx_gz/models/short_navigation_course_5/model.sdf
[0.466s] -- Up-to-date: /home/sigmu/master/src/vrx/vrx_urdf/install/vrx_gz/share/vrx_gz/models/short_navigation_course_5/model.config
[0.466s] -- Up-to-date: /home/sigmu/master/src/vrx/vrx_urdf/install/vrx_gz/share/vrx_gz/models/short_course_2023_phase3_1
[0.466s] -- Up-to-date: /home/sigmu/master/src/vrx/vrx_urdf/install/vrx_gz/share/vrx_gz/models/short_course_2023_phase3_1/model.sdf
[0.466s] -- Up-to-date: /home/sigmu/master/src/vrx/vrx_urdf/install/vrx_gz/share/vrx_gz/models/short_course_2023_phase3_1/model.config
[0.466s] -- Up-to-date: /home/sigmu/master/src/vrx/vrx_urdf/install/vrx_gz/share/vrx_gz/models/roboboat_cpubox
[0.466s] -- Up-to-date: /home/sigmu/master/src/vrx/vrx_urdf/install/vrx_gz/share/vrx_gz/models/roboboat_cpubox/model.sdf
[0.466s] -- Up-to-date: /home/sigmu/master/src/vrx/vrx_urdf/install/vrx_gz/share/vrx_gz/models/roboboat_cpubox/meshes
[0.466s] -- Up-to-date: /home/sigmu/master/src/vrx/vrx_urdf/install/vrx_gz/share/vrx_gz/models/roboboat_cpubox/meshes/drybox.dae
[0.467s] -- Up-to-date: /home/sigmu/master/src/vrx/vrx_urdf/install/vrx_gz/share/vrx_gz/models/roboboat_cpubox/materials
[0.467s] -- Up-to-date: /home/sigmu/master/src/vrx/vrx_urdf/install/vrx_gz/share/vrx_gz/models/roboboat_cpubox/materials/textures
[0.467s] -- Up-to-date: /home/sigmu/master/src/vrx/vrx_urdf/install/vrx_gz/share/vrx_gz/models/roboboat_cpubox/materials/textures/DryBox_Albedo.png
[0.467s] -- Up-to-date: /home/sigmu/master/src/vrx/vrx_urdf/install/vrx_gz/share/vrx_gz/models/roboboat_cpubox/materials/textures/DryBox_Roughness.png
[0.467s] -- Up-to-date: /home/sigmu/master/src/vrx/vrx_urdf/install/vrx_gz/share/vrx_gz/models/roboboat_cpubox/model.config
[0.467s] -- Up-to-date: /home/sigmu/master/src/vrx/vrx_urdf/install/vrx_gz/share/vrx_gz/models/robotx_light_buoy_gbr
[0.467s] -- Up-to-date: /home/sigmu/master/src/vrx/vrx_urdf/install/vrx_gz/share/vrx_gz/models/robotx_light_buoy_gbr/model.sdf
[0.467s] -- Up-to-date: /home/sigmu/master/src/vrx/vrx_urdf/install/vrx_gz/share/vrx_gz/models/robotx_light_buoy_gbr/model.config
[0.467s] -- Up-to-date: /home/sigmu/master/src/vrx/vrx_urdf/install/vrx_gz/share/vrx_gz/models/robotx_light_buoy_rgy
[0.467s] -- Up-to-date: /home/sigmu/master/src/vrx/vrx_urdf/install/vrx_gz/share/vrx_gz/models/robotx_light_buoy_rgy/model.sdf
[0.467s] -- Up-to-date: /home/sigmu/master/src/vrx/vrx_urdf/install/vrx_gz/share/vrx_gz/models/robotx_light_buoy_rgy/model.config
[0.467s] -- Up-to-date: /home/sigmu/master/src/vrx/vrx_urdf/install/vrx_gz/share/vrx_gz/models/robotx_light_buoy_rbg
[0.468s] -- Up-to-date: /home/sigmu/master/src/vrx/vrx_urdf/install/vrx_gz/share/vrx_gz/models/robotx_light_buoy_rbg/model.sdf
[0.468s] -- Up-to-date: /home/sigmu/master/src/vrx/vrx_urdf/install/vrx_gz/share/vrx_gz/models/robotx_light_buoy_rbg/model.config
[0.468s] -- Up-to-date: /home/sigmu/master/src/vrx/vrx_urdf/install/vrx_gz/share/vrx_gz/models/dock_2022_base
[0.468s] -- Up-to-date: /home/sigmu/master/src/vrx/vrx_urdf/install/vrx_gz/share/vrx_gz/models/dock_2022_base/model.sdf
[0.468s] -- Up-to-date: /home/sigmu/master/src/vrx/vrx_urdf/install/vrx_gz/share/vrx_gz/models/dock_2022_base/model.config
[0.468s] -- Up-to-date: /home/sigmu/master/src/vrx/vrx_urdf/install/vrx_gz/share/vrx_gz/models/short_navigation_course_0
[0.468s] -- Up-to-date: /home/sigmu/master/src/vrx/vrx_urdf/install/vrx_gz/share/vrx_gz/models/short_navigation_course_0/model.sdf
[0.468s] -- Up-to-date: /home/sigmu/master/src/vrx/vrx_urdf/install/vrx_gz/share/vrx_gz/models/short_navigation_course_0/model.config
[0.468s] -- Up-to-date: /home/sigmu/master/src/vrx/vrx_urdf/install/vrx_gz/share/vrx_gz/models/symbol_triangle
[0.468s] -- Up-to-date: /home/sigmu/master/src/vrx/vrx_urdf/install/vrx_gz/share/vrx_gz/models/symbol_triangle/model.sdf
[0.468s] -- Up-to-date: /home/sigmu/master/src/vrx/vrx_urdf/install/vrx_gz/share/vrx_gz/models/symbol_triangle/model.config
[0.468s] -- Up-to-date: /home/sigmu/master/src/vrx/vrx_urdf/install/vrx_gz/share/vrx_gz/models/symbol_triangle/mesh
[0.468s] -- Up-to-date: /home/sigmu/master/src/vrx/vrx_urdf/install/vrx_gz/share/vrx_gz/models/symbol_triangle/mesh/triangle.dae
[0.468s] -- Up-to-date: /home/sigmu/master/src/vrx/vrx_urdf/install/vrx_gz/share/vrx_gz/worlds
[0.469s] -- Up-to-date: /home/sigmu/master/src/vrx/vrx_urdf/install/vrx_gz/share/vrx_gz/worlds/wildlife_task.sdf
[0.469s] -- Up-to-date: /home/sigmu/master/src/vrx/vrx_urdf/install/vrx_gz/share/vrx_gz/worlds/navigation_task.sdf
[0.469s] -- Up-to-date: /home/sigmu/master/src/vrx/vrx_urdf/install/vrx_gz/share/vrx_gz/worlds/follow_path_task.sdf
[0.469s] -- Up-to-date: /home/sigmu/master/src/vrx/vrx_urdf/install/vrx_gz/share/vrx_gz/worlds/wayfinding_task.sdf
[0.469s] -- Up-to-date: /home/sigmu/master/src/vrx/vrx_urdf/install/vrx_gz/share/vrx_gz/worlds/scan_dock_deliver_task.sdf
[0.469s] -- Up-to-date: /home/sigmu/master/src/vrx/vrx_urdf/install/vrx_gz/share/vrx_gz/worlds/sydney_regatta.sdf
[0.469s] -- Up-to-date: /home/sigmu/master/src/vrx/vrx_urdf/install/vrx_gz/share/vrx_gz/worlds/2023_practice
[0.469s] -- Up-to-date: /home/sigmu/master/src/vrx/vrx_urdf/install/vrx_gz/share/vrx_gz/worlds/2023_practice/practice_2023_wildlife1_task.sdf
[0.469s] -- Up-to-date: /home/sigmu/master/src/vrx/vrx_urdf/install/vrx_gz/share/vrx_gz/worlds/2023_practice/practice_2023_scan_dock_deliver0_task.sdf
[0.469s] -- Up-to-date: /home/sigmu/master/src/vrx/vrx_urdf/install/vrx_gz/share/vrx_gz/worlds/2023_practice/practice_2023_wildlife2_task.sdf
[0.469s] -- Up-to-date: /home/sigmu/master/src/vrx/vrx_urdf/install/vrx_gz/share/vrx_gz/worlds/2023_practice/practice_2023_wayfinding0_task.sdf
[0.469s] -- Up-to-date: /home/sigmu/master/src/vrx/vrx_urdf/install/vrx_gz/share/vrx_gz/worlds/2023_practice/practice_2023_stationkeeping0_task.sdf
[0.469s] -- Up-to-date: /home/sigmu/master/src/vrx/vrx_urdf/install/vrx_gz/share/vrx_gz/worlds/2023_practice/practice_2023_stationkeeping1_task.sdf
[0.469s] -- Up-to-date: /home/sigmu/master/src/vrx/vrx_urdf/install/vrx_gz/share/vrx_gz/worlds/2023_practice/practice_2023_acoustic_tracking1_task.sdf
[0.469s] -- Up-to-date: /home/sigmu/master/src/vrx/vrx_urdf/install/vrx_gz/share/vrx_gz/worlds/2023_practice/practice_2023_stationkeeping2_task.sdf
[0.469s] -- Up-to-date: /home/sigmu/master/src/vrx/vrx_urdf/install/vrx_gz/share/vrx_gz/worlds/2023_practice/practice_2023_scan_dock_deliver1_task.sdf
[0.470s] -- Up-to-date: /home/sigmu/master/src/vrx/vrx_urdf/install/vrx_gz/share/vrx_gz/worlds/2023_practice/practice_2023_acoustic_perception1_task.sdf
[0.470s] -- Up-to-date: /home/sigmu/master/src/vrx/vrx_urdf/install/vrx_gz/share/vrx_gz/worlds/2023_practice/practice_2023_wayfinding2_task.sdf
[0.470s] -- Up-to-date: /home/sigmu/master/src/vrx/vrx_urdf/install/vrx_gz/share/vrx_gz/worlds/2023_practice/practice_2023_wildlife0_task.sdf
[0.470s] -- Up-to-date: /home/sigmu/master/src/vrx/vrx_urdf/install/vrx_gz/share/vrx_gz/worlds/2023_practice/practice_2023_perception2_task.sdf
[0.470s] -- Up-to-date: /home/sigmu/master/src/vrx/vrx_urdf/install/vrx_gz/share/vrx_gz/worlds/2023_practice/practice_2023_perception0_task.sdf
[0.470s] -- Up-to-date: /home/sigmu/master/src/vrx/vrx_urdf/install/vrx_gz/share/vrx_gz/worlds/2023_practice/practice_2023_perception1_task.sdf
[0.470s] -- Up-to-date: /home/sigmu/master/src/vrx/vrx_urdf/install/vrx_gz/share/vrx_gz/worlds/2023_practice/practice_2023_acoustic_perception0_task.sdf
[0.470s] -- Up-to-date: /home/sigmu/master/src/vrx/vrx_urdf/install/vrx_gz/share/vrx_gz/worlds/2023_practice/practice_2023_follow_path0_task.sdf
[0.470s] -- Up-to-date: /home/sigmu/master/src/vrx/vrx_urdf/install/vrx_gz/share/vrx_gz/worlds/2023_practice/practice_2023_follow_path2_task.sdf
[0.470s] -- Up-to-date: /home/sigmu/master/src/vrx/vrx_urdf/install/vrx_gz/share/vrx_gz/worlds/2023_practice/practice_2023_scan_dock_deliver2_task.sdf
[0.470s] -- Up-to-date: /home/sigmu/master/src/vrx/vrx_urdf/install/vrx_gz/share/vrx_gz/worlds/2023_practice/practice_2023_acoustic_perception2_task.sdf
[0.470s] -- Up-to-date: /home/sigmu/master/src/vrx/vrx_urdf/install/vrx_gz/share/vrx_gz/worlds/2023_practice/practice_2023_follow_path1_task.sdf
[0.470s] -- Up-to-date: /home/sigmu/master/src/vrx/vrx_urdf/install/vrx_gz/share/vrx_gz/worlds/2023_practice/practice_2023_acoustic_tracking2_task.sdf
[0.470s] -- Up-to-date: /home/sigmu/master/src/vrx/vrx_urdf/install/vrx_gz/share/vrx_gz/worlds/2023_practice/practice_2023_wayfinding1_task.sdf
[0.470s] -- Up-to-date: /home/sigmu/master/src/vrx/vrx_urdf/install/vrx_gz/share/vrx_gz/worlds/2023_practice/practice_2023_acoustic_tracking0_task.sdf
[0.470s] -- Up-to-date: /home/sigmu/master/src/vrx/vrx_urdf/install/vrx_gz/share/vrx_gz/worlds/stationkeeping_task.sdf
[0.471s] -- Up-to-date: /home/sigmu/master/src/vrx/vrx_urdf/install/vrx_gz/share/vrx_gz/worlds/nbpark.sdf
[0.471s] -- Up-to-date: /home/sigmu/master/src/vrx/vrx_urdf/install/vrx_gz/share/vrx_gz/worlds/gymkhana_task.sdf
[0.471s] -- Up-to-date: /home/sigmu/master/src/vrx/vrx_urdf/install/vrx_gz/share/vrx_gz/worlds/simple.sdf
[0.471s] -- Up-to-date: /home/sigmu/master/src/vrx/vrx_urdf/install/vrx_gz/share/vrx_gz/worlds/acoustic_tracking_task.sdf
[0.471s] -- Installing: /home/sigmu/master/src/vrx/vrx_urdf/install/vrx_gz/share/vrx_gz/worlds/simple_grid.sdf
[0.471s] -- Up-to-date: /home/sigmu/master/src/vrx/vrx_urdf/install/vrx_gz/share/vrx_gz/worlds/acoustic_perception_task.sdf
[0.471s] -- Up-to-date: /home/sigmu/master/src/vrx/vrx_urdf/install/vrx_gz/share/vrx_gz/worlds/perception_task.sdf
[0.471s] -- Up-to-date: /home/sigmu/master/src/vrx/vrx_urdf/install/vrx_gz/share/ament_index/resource_index/package_run_dependencies/vrx_gz
[0.471s] -- Up-to-date: /home/sigmu/master/src/vrx/vrx_urdf/install/vrx_gz/share/ament_index/resource_index/parent_prefix_path/vrx_gz
[0.471s] -- Up-to-date: /home/sigmu/master/src/vrx/vrx_urdf/install/vrx_gz/share/vrx_gz/environment/ament_prefix_path.sh
[0.471s] -- Up-to-date: /home/sigmu/master/src/vrx/vrx_urdf/install/vrx_gz/share/vrx_gz/environment/ament_prefix_path.dsv
[0.471s] -- Up-to-date: /home/sigmu/master/src/vrx/vrx_urdf/install/vrx_gz/share/vrx_gz/environment/path.sh
[0.471s] -- Up-to-date: /home/sigmu/master/src/vrx/vrx_urdf/install/vrx_gz/share/vrx_gz/environment/path.dsv
[0.472s] -- Up-to-date: /home/sigmu/master/src/vrx/vrx_urdf/install/vrx_gz/share/vrx_gz/local_setup.bash
[0.472s] -- Up-to-date: /home/sigmu/master/src/vrx/vrx_urdf/install/vrx_gz/share/vrx_gz/local_setup.sh
[0.472s] -- Up-to-date: /home/sigmu/master/src/vrx/vrx_urdf/install/vrx_gz/share/vrx_gz/local_setup.zsh
[0.472s] -- Up-to-date: /home/sigmu/master/src/vrx/vrx_urdf/install/vrx_gz/share/vrx_gz/local_setup.dsv
[0.472s] -- Installing: /home/sigmu/master/src/vrx/vrx_urdf/install/vrx_gz/share/vrx_gz/package.dsv
[0.472s] -- Up-to-date: /home/sigmu/master/src/vrx/vrx_urdf/install/vrx_gz/share/ament_index/resource_index/packages/vrx_gz
[0.472s] -- Up-to-date: /home/sigmu/master/src/vrx/vrx_urdf/install/vrx_gz/share/vrx_gz/cmake/vrx_gzConfig.cmake
[0.472s] -- Up-to-date: /home/sigmu/master/src/vrx/vrx_urdf/install/vrx_gz/share/vrx_gz/cmake/vrx_gzConfig-version.cmake
[0.472s] -- Up-to-date: /home/sigmu/master/src/vrx/vrx_urdf/install/vrx_gz/share/vrx_gz/package.xml
[0.472s] Invoked command in '/home/sigmu/master/src/vrx/vrx_urdf/build/vrx_gz' returned '0': AMENT_PREFIX_PATH=/home/sigmu/master/src/vrx/vrx_urdf/install/vrx_ros:${AMENT_PREFIX_PATH} CMAKE_PREFIX_PATH=/home/sigmu/master/src/vrx/vrx_urdf/install/vrx_ros:/home/sigmu/master/install/wamv_gazebo:/home/sigmu/master/install/wamv_description:/home/sigmu/master/install/vrx_gz:/home/sigmu/master/install/vrx_ros:/home/sigmu/master/install/vrx_gazebo:/home/sigmu/FRE24/install/webots_ros2_control:/home/sigmu/FRE24/install/webots_ros2_driver:/home/sigmu/FRE24/install/webots_ros2_msgs:/home/sigmu/FRE24/install/fre_custom_srv_msg:/home/sigmu/FRE24/install/action_pkg:/home/sigmu/realsense-ros/install/realsense2_description:/home/sigmu/realsense-ros/install/realsense2_camera:/home/sigmu/realsense-ros/install/realsense2_camera_msgs:/home/sigmu/FRE24/install/yo-lo:/home/sigmu/FRE24/install/webots_ros2:/home/sigmu/FRE24/install/webots_ros2_universal_robot:/home/sigmu/FRE24/install/webots_ros2_turtlebot:/home/sigmu/FRE24/install/webots_ros2_tiago:/home/sigmu/FRE24/install/webots_ros2_tests:/home/sigmu/FRE24/install/webots_ros2_tesla:/home/sigmu/FRE24/install/webots_ros2_mavic:/home/sigmu/FRE24/install/webots_ros2_epuck:/home/sigmu/FRE24/install/webots_ros2_importer:/home/sigmu/FRE24/install/task4:/home/sigmu/FRE24/install/task3:/home/sigmu/FRE24/install/row_follower:/home/sigmu/FRE24/install/pose_subscriber:/home/sigmu/FRE24/install/fre_test:/home/sigmu/FRE24/install/fre_slam_task2:/home/sigmu/FRE24/install/fre_navigation:/home/sigmu/FRE24/install/fre_camera:/home/sigmu/FRE24/install/fre_api:/opt/ros/humble /usr/bin/cmake --install /home/sigmu/master/src/vrx/vrx_urdf/build/vrx_gz
