[0.012s] Invoking command in '/home/sigmu/master/src/vrx/vrx_urdf/build/vrx_ros': CMAKE_PREFIX_PATH=${CMAKE_PREFIX_PATH}:/home/sigmu/FRE24/install/yo-lo:/home/sigmu/FRE24/install/webots_ros2:/home/sigmu/FRE24/install/webots_ros2_universal_robot:/home/sigmu/FRE24/install/webots_ros2_turtlebot:/home/sigmu/FRE24/install/webots_ros2_tiago:/home/sigmu/FRE24/install/webots_ros2_tests:/home/sigmu/FRE24/install/webots_ros2_tesla:/home/sigmu/FRE24/install/webots_ros2_mavic:/home/sigmu/FRE24/install/webots_ros2_epuck:/home/sigmu/FRE24/install/webots_ros2_importer:/home/sigmu/FRE24/install/task4:/home/sigmu/FRE24/install/task3:/home/sigmu/FRE24/install/row_follower:/home/sigmu/FRE24/install/pose_subscriber:/home/sigmu/FRE24/install/fre_test:/home/sigmu/FRE24/install/fre_slam_task2:/home/sigmu/FRE24/install/fre_navigation:/home/sigmu/FRE24/install/fre_camera:/home/sigmu/FRE24/install/fre_api:/opt/ros/humble /usr/bin/cmake --build /home/sigmu/master/src/vrx/vrx_urdf/build/vrx_ros -- -j16 -l16
[0.049s] [35m[1mConsolidate compiler generated dependencies of target optical_frame_publisher[0m
[0.049s] [35m[1mConsolidate compiler generated dependencies of target pose_tf_broadcaster[0m
[0.065s] [ 50%] Built target optical_frame_publisher
[0.065s] [100%] Built target pose_tf_broadcaster
[0.075s] Invoked command in '/home/sigmu/master/src/vrx/vrx_urdf/build/vrx_ros' returned '0': CMAKE_PREFIX_PATH=${CMAKE_PREFIX_PATH}:/home/sigmu/FRE24/install/yo-lo:/home/sigmu/FRE24/install/webots_ros2:/home/sigmu/FRE24/install/webots_ros2_universal_robot:/home/sigmu/FRE24/install/webots_ros2_turtlebot:/home/sigmu/FRE24/install/webots_ros2_tiago:/home/sigmu/FRE24/install/webots_ros2_tests:/home/sigmu/FRE24/install/webots_ros2_tesla:/home/sigmu/FRE24/install/webots_ros2_mavic:/home/sigmu/FRE24/install/webots_ros2_epuck:/home/sigmu/FRE24/install/webots_ros2_importer:/home/sigmu/FRE24/install/task4:/home/sigmu/FRE24/install/task3:/home/sigmu/FRE24/install/row_follower:/home/sigmu/FRE24/install/pose_subscriber:/home/sigmu/FRE24/install/fre_test:/home/sigmu/FRE24/install/fre_slam_task2:/home/sigmu/FRE24/install/fre_navigation:/home/sigmu/FRE24/install/fre_camera:/home/sigmu/FRE24/install/fre_api:/opt/ros/humble /usr/bin/cmake --build /home/sigmu/master/src/vrx/vrx_urdf/build/vrx_ros -- -j16 -l16
[0.084s] Invoking command in '/home/sigmu/master/src/vrx/vrx_urdf/build/vrx_ros': CMAKE_PREFIX_PATH=${CMAKE_PREFIX_PATH}:/home/sigmu/FRE24/install/yo-lo:/home/sigmu/FRE24/install/webots_ros2:/home/sigmu/FRE24/install/webots_ros2_universal_robot:/home/sigmu/FRE24/install/webots_ros2_turtlebot:/home/sigmu/FRE24/install/webots_ros2_tiago:/home/sigmu/FRE24/install/webots_ros2_tests:/home/sigmu/FRE24/install/webots_ros2_tesla:/home/sigmu/FRE24/install/webots_ros2_mavic:/home/sigmu/FRE24/install/webots_ros2_epuck:/home/sigmu/FRE24/install/webots_ros2_importer:/home/sigmu/FRE24/install/task4:/home/sigmu/FRE24/install/task3:/home/sigmu/FRE24/install/row_follower:/home/sigmu/FRE24/install/pose_subscriber:/home/sigmu/FRE24/install/fre_test:/home/sigmu/FRE24/install/fre_slam_task2:/home/sigmu/FRE24/install/fre_navigation:/home/sigmu/FRE24/install/fre_camera:/home/sigmu/FRE24/install/fre_api:/opt/ros/humble /usr/bin/cmake --install /home/sigmu/master/src/vrx/vrx_urdf/build/vrx_ros
[0.091s] -- Install configuration: ""
[0.091s] -- Up-to-date: /home/sigmu/master/src/vrx/vrx_urdf/install/vrx_ros/lib/vrx_ros/optical_frame_publisher
[0.091s] -- Up-to-date: /home/sigmu/master/src/vrx/vrx_urdf/install/vrx_ros/lib/vrx_ros/pose_tf_broadcaster
[0.091s] -- Up-to-date: /home/sigmu/master/src/vrx/vrx_urdf/install/vrx_ros/share/vrx_ros/launch
[0.091s] -- Up-to-date: /home/sigmu/master/src/vrx/vrx_urdf/install/vrx_ros/share/vrx_ros/launch/monitor_sim.py
[0.091s] -- Up-to-date: /home/sigmu/master/src/vrx/vrx_urdf/install/vrx_ros/share/ament_index/resource_index/package_run_dependencies/vrx_ros
[0.091s] -- Up-to-date: /home/sigmu/master/src/vrx/vrx_urdf/install/vrx_ros/share/ament_index/resource_index/parent_prefix_path/vrx_ros
[0.092s] -- Up-to-date: /home/sigmu/master/src/vrx/vrx_urdf/install/vrx_ros/share/vrx_ros/environment/ament_prefix_path.sh
[0.092s] -- Up-to-date: /home/sigmu/master/src/vrx/vrx_urdf/install/vrx_ros/share/vrx_ros/environment/ament_prefix_path.dsv
[0.092s] -- Up-to-date: /home/sigmu/master/src/vrx/vrx_urdf/install/vrx_ros/share/vrx_ros/environment/path.sh
[0.092s] -- Up-to-date: /home/sigmu/master/src/vrx/vrx_urdf/install/vrx_ros/share/vrx_ros/environment/path.dsv
[0.092s] -- Up-to-date: /home/sigmu/master/src/vrx/vrx_urdf/install/vrx_ros/share/vrx_ros/local_setup.bash
[0.092s] -- Up-to-date: /home/sigmu/master/src/vrx/vrx_urdf/install/vrx_ros/share/vrx_ros/local_setup.sh
[0.092s] -- Up-to-date: /home/sigmu/master/src/vrx/vrx_urdf/install/vrx_ros/share/vrx_ros/local_setup.zsh
[0.092s] -- Up-to-date: /home/sigmu/master/src/vrx/vrx_urdf/install/vrx_ros/share/vrx_ros/local_setup.dsv
[0.092s] -- Installing: /home/sigmu/master/src/vrx/vrx_urdf/install/vrx_ros/share/vrx_ros/package.dsv
[0.092s] -- Up-to-date: /home/sigmu/master/src/vrx/vrx_urdf/install/vrx_ros/share/ament_index/resource_index/packages/vrx_ros
[0.092s] -- Up-to-date: /home/sigmu/master/src/vrx/vrx_urdf/install/vrx_ros/share/vrx_ros/cmake/vrx_rosConfig.cmake
[0.092s] -- Up-to-date: /home/sigmu/master/src/vrx/vrx_urdf/install/vrx_ros/share/vrx_ros/cmake/vrx_rosConfig-version.cmake
[0.092s] -- Up-to-date: /home/sigmu/master/src/vrx/vrx_urdf/install/vrx_ros/share/vrx_ros/package.xml
[0.093s] Invoked command in '/home/sigmu/master/src/vrx/vrx_urdf/build/vrx_ros' returned '0': CMAKE_PREFIX_PATH=${CMAKE_PREFIX_PATH}:/home/sigmu/FRE24/install/yo-lo:/home/sigmu/FRE24/install/webots_ros2:/home/sigmu/FRE24/install/webots_ros2_universal_robot:/home/sigmu/FRE24/install/webots_ros2_turtlebot:/home/sigmu/FRE24/install/webots_ros2_tiago:/home/sigmu/FRE24/install/webots_ros2_tests:/home/sigmu/FRE24/install/webots_ros2_tesla:/home/sigmu/FRE24/install/webots_ros2_mavic:/home/sigmu/FRE24/install/webots_ros2_epuck:/home/sigmu/FRE24/install/webots_ros2_importer:/home/sigmu/FRE24/install/task4:/home/sigmu/FRE24/install/task3:/home/sigmu/FRE24/install/row_follower:/home/sigmu/FRE24/install/pose_subscriber:/home/sigmu/FRE24/install/fre_test:/home/sigmu/FRE24/install/fre_slam_task2:/home/sigmu/FRE24/install/fre_navigation:/home/sigmu/FRE24/install/fre_camera:/home/sigmu/FRE24/install/fre_api:/opt/ros/humble /usr/bin/cmake --install /home/sigmu/master/src/vrx/vrx_urdf/build/vrx_ros
